---------------------------------------------------------------
[ 2018-12-19T21:03:45+08:00 ] 127.0.0.1 GET /admin/goods/index.html
[ info ] www.tpshop.com/admin/goods/index.html [运行时间：0.398697s][吞吐率：2.51req/s] [内存消耗：2,374.41kb] [文件加载：53]
[ info ] [ LANG ] E:\myphp_www\WWW\tpshop\thinkphp\lang\zh-cn.php
[ info ] [ ROUTE ] array (
  'type' => 'module',
  'module' => 
  array (
    0 => 'admin',
    1 => 'goods',
    2 => 'index',
  ),
)
[ info ] [ HEADER ] array (
  'cookie' => 'pgv_pvi=6427795456; pgv_si=s6016609280; PHPSESSID=8t5lsi7lhgce9cctsvd0v2vo57',
  'accept-language' => 'zh-CN,zh;q=0.9',
  'accept-encoding' => 'gzip, deflate',
  'accept' => 'text/html,application/xhtml+xml,application/xml;q=0.9,image/webp,image/apng,*/*;q=0.8',
  'user-agent' => 'Mozilla/5.0 (Windows NT 10.0; Win64; x64) AppleWebKit/537.36 (KHTML, like Gecko) Chrome/69.0.3497.100 Safari/537.36',
  'upgrade-insecure-requests' => '1',
  'cache-control' => 'max-age=0',
  'connection' => 'close',
  'host' => 'www.tpshop.com',
)
[ info ] [ PARAM ] array (
  '/admin/goods/index_html' => '',
)
[ info ] [ RUN ] app\admin\controller\Goods->index[ E:\myphp_www\WWW\tpshop\app\admin\controller\Goods.php ]
[ info ] [ DB ] INIT mysql
[ info ] [ VIEW ] E:\myphp_www\WWW\tpshop\public/../app/admin\view\goods\index.html [ array (
  0 => 'arr',
) ]
[ info ] [ SESSION ] INIT array (
  'id' => '',
  'var_session_id' => '',
  'prefix' => 'think',
  'type' => '',
  'auto_start' => true,
)
[ info ] [ LOG ] INIT File
[ sql ] [ DB ] CONNECT:[ UseTime:0.003378s ] mysql:host=127.0.0.1;dbname=tpshop;charset=utf8
[ sql ] [ SQL ] SHOW COLUMNS FROM `tp_goods` [ RunTime:0.060005s ]
[ sql ] [ SQL ] SELECT * FROM `tp_goods` [ RunTime:0.001234s ]
[ sql ] [ SQL ] SELECT * FROM `tp_goods` [ RunTime:0.000297s ]
[ sql ] [ SQL ] SELECT * FROM `tp_goods` [ RunTime:0.000280s ]
---------------------------------------------------------------
[ 2018-12-19T21:03:54+08:00 ] 127.0.0.1 GET /admin/article/index.html
[ info ] www.tpshop.com/admin/article/index.html [运行时间：0.088512s][吞吐率：11.30req/s] [内存消耗：2,091.34kb] [文件加载：50]
[ info ] [ LANG ] E:\myphp_www\WWW\tpshop\thinkphp\lang\zh-cn.php
[ info ] [ ROUTE ] array (
  'type' => 'module',
  'module' => 
  array (
    0 => 'admin',
    1 => 'article',
    2 => 'index',
  ),
)
[ info ] [ HEADER ] array (
  'cookie' => 'pgv_pvi=6427795456; pgv_si=s6016609280; PHPSESSID=8t5lsi7lhgce9cctsvd0v2vo57',
  'accept-language' => 'zh-CN,zh;q=0.9',
  'accept-encoding' => 'gzip, deflate',
  'referer' => 'http://www.tpshop.com/admin/goods/index.html',
  'accept' => 'text/html,application/xhtml+xml,application/xml;q=0.9,image/webp,image/apng,*/*;q=0.8',
  'user-agent' => 'Mozilla/5.0 (Windows NT 10.0; Win64; x64) AppleWebKit/537.36 (KHTML, like Gecko) Chrome/69.0.3497.100 Safari/537.36',
  'upgrade-insecure-requests' => '1',
  'connection' => 'close',
  'host' => 'www.tpshop.com',
)
[ info ] [ PARAM ] array (
  '/admin/article/index_html' => '',
)
[ info ] [ RUN ] app\admin\controller\Article->index[ E:\myphp_www\WWW\tpshop\app\admin\controller\Article.php ]
[ info ] [ DB ] INIT mysql
[ info ] [ VIEW ] E:\myphp_www\WWW\tpshop\public/../app/admin\view\article\index.html [ array (
  0 => 'arr',
) ]
[ info ] [ SESSION ] INIT array (
  'id' => '',
  'var_session_id' => '',
  'prefix' => 'think',
  'type' => '',
  'auto_start' => true,
)
[ info ] [ LOG ] INIT File
[ sql ] [ DB ] CONNECT:[ UseTime:0.000911s ] mysql:host=127.0.0.1;dbname=tpshop;charset=utf8
[ sql ] [ SQL ] SHOW COLUMNS FROM `tp_article` [ RunTime:0.025300s ]
[ sql ] [ SQL ] SELECT * FROM `tp_article` [ RunTime:0.000383s ]
---------------------------------------------------------------
[ 2018-12-19T21:05:40+08:00 ] 127.0.0.1 GET /admin/article/article_add.html
[ info ] www.tpshop.com/admin/article/article_add.html [运行时间：0.097936s][吞吐率：10.21req/s] [内存消耗：1,465.19kb] [文件加载：43]
[ info ] [ LANG ] E:\myphp_www\WWW\tpshop\thinkphp\lang\zh-cn.php
[ info ] [ ROUTE ] array (
  'type' => 'module',
  'module' => 
  array (
    0 => 'admin',
    1 => 'article',
    2 => 'article_add',
  ),
)
[ info ] [ HEADER ] array (
  'cookie' => 'pgv_pvi=6427795456; pgv_si=s6016609280; PHPSESSID=8t5lsi7lhgce9cctsvd0v2vo57',
  'accept-language' => 'zh-CN,zh;q=0.9',
  'accept-encoding' => 'gzip, deflate',
  'referer' => 'http://www.tpshop.com/admin/article/index.html',
  'accept' => 'text/html,application/xhtml+xml,application/xml;q=0.9,image/webp,image/apng,*/*;q=0.8',
  'user-agent' => 'Mozilla/5.0 (Windows NT 10.0; Win64; x64) AppleWebKit/537.36 (KHTML, like Gecko) Chrome/69.0.3497.100 Safari/537.36',
  'upgrade-insecure-requests' => '1',
  'connection' => 'close',
  'host' => 'www.tpshop.com',
)
[ info ] [ PARAM ] array (
  '/admin/article/article_add_html' => '',
)
[ info ] [ RUN ] app\admin\controller\Article->article_add[ E:\myphp_www\WWW\tpshop\app\admin\controller\Article.php ]
[ info ] [ VIEW ] E:\myphp_www\WWW\tpshop\public/../app/admin\view\article\article_add.html [ array (
) ]
[ info ] [ SESSION ] INIT array (
  'id' => '',
  'var_session_id' => '',
  'prefix' => 'think',
  'type' => '',
  'auto_start' => true,
)
[ info ] [ LOG ] INIT File
---------------------------------------------------------------
[ 2018-12-19T21:07:56+08:00 ] 127.0.0.1 GET /admin/article/article_add.html
[ info ] www.tpshop.com/admin/article/article_add.html [运行时间：0.044788s][吞吐率：22.33req/s] [内存消耗：1,467.31kb] [文件加载：43]
[ info ] [ LANG ] E:\myphp_www\WWW\tpshop\thinkphp\lang\zh-cn.php
[ info ] [ ROUTE ] array (
  'type' => 'module',
  'module' => 
  array (
    0 => 'admin',
    1 => 'article',
    2 => 'article_add',
  ),
)
[ info ] [ HEADER ] array (
  'cookie' => 'pgv_pvi=6427795456; pgv_si=s6016609280; PHPSESSID=8t5lsi7lhgce9cctsvd0v2vo57',
  'accept-language' => 'zh-CN,zh;q=0.9',
  'accept-encoding' => 'gzip, deflate',
  'referer' => 'http://www.tpshop.com/admin/article/index.html',
  'accept' => 'text/html,application/xhtml+xml,application/xml;q=0.9,image/webp,image/apng,*/*;q=0.8',
  'user-agent' => 'Mozilla/5.0 (Windows NT 10.0; Win64; x64) AppleWebKit/537.36 (KHTML, like Gecko) Chrome/69.0.3497.100 Safari/537.36',
  'upgrade-insecure-requests' => '1',
  'cache-control' => 'max-age=0',
  'connection' => 'close',
  'host' => 'www.tpshop.com',
)
[ info ] [ PARAM ] array (
  '/admin/article/article_add_html' => '',
)
[ info ] [ RUN ] app\admin\controller\Article->article_add[ E:\myphp_www\WWW\tpshop\app\admin\controller\Article.php ]
[ info ] [ VIEW ] E:\myphp_www\WWW\tpshop\public/../app/admin\view\article\article_add.html [ array (
) ]
[ info ] [ SESSION ] INIT array (
  'id' => '',
  'var_session_id' => '',
  'prefix' => 'think',
  'type' => '',
  'auto_start' => true,
)
[ info ] [ LOG ] INIT File
---------------------------------------------------------------
[ 2018-12-19T21:08:15+08:00 ] 127.0.0.1 GET /admin/article/article_add.html
[ info ] www.tpshop.com/admin/article/article_add.html [运行时间：0.050084s][吞吐率：19.97req/s] [内存消耗：1,465.51kb] [文件加载：43]
[ info ] [ LANG ] E:\myphp_www\WWW\tpshop\thinkphp\lang\zh-cn.php
[ info ] [ ROUTE ] array (
  'type' => 'module',
  'module' => 
  array (
    0 => 'admin',
    1 => 'article',
    2 => 'article_add',
  ),
)
[ info ] [ HEADER ] array (
  'cookie' => 'pgv_pvi=6427795456; pgv_si=s6016609280; PHPSESSID=8t5lsi7lhgce9cctsvd0v2vo57',
  'accept-language' => 'zh-CN,zh;q=0.9',
  'accept-encoding' => 'gzip, deflate',
  'referer' => 'http://www.tpshop.com/admin/article/index.html',
  'accept' => 'text/html,application/xhtml+xml,application/xml;q=0.9,image/webp,image/apng,*/*;q=0.8',
  'user-agent' => 'Mozilla/5.0 (Windows NT 10.0; Win64; x64) AppleWebKit/537.36 (KHTML, like Gecko) Chrome/69.0.3497.100 Safari/537.36',
  'upgrade-insecure-requests' => '1',
  'cache-control' => 'max-age=0',
  'connection' => 'close',
  'host' => 'www.tpshop.com',
)
[ info ] [ PARAM ] array (
  '/admin/article/article_add_html' => '',
)
[ info ] [ RUN ] app\admin\controller\Article->article_add[ E:\myphp_www\WWW\tpshop\app\admin\controller\Article.php ]
[ info ] [ VIEW ] E:\myphp_www\WWW\tpshop\public/../app/admin\view\article\article_add.html [ array (
) ]
[ info ] [ SESSION ] INIT array (
  'id' => '',
  'var_session_id' => '',
  'prefix' => 'think',
  'type' => '',
  'auto_start' => true,
)
[ info ] [ LOG ] INIT File
---------------------------------------------------------------
[ 2018-12-19T21:08:30+08:00 ] 127.0.0.1 GET /admin/article/article_add.html
[ info ] www.tpshop.com/admin/article/article_add.html [运行时间：0.045604s][吞吐率：21.93req/s] [内存消耗：1,466.84kb] [文件加载：43]
[ info ] [ LANG ] E:\myphp_www\WWW\tpshop\thinkphp\lang\zh-cn.php
[ info ] [ ROUTE ] array (
  'type' => 'module',
  'module' => 
  array (
    0 => 'admin',
    1 => 'article',
    2 => 'article_add',
  ),
)
[ info ] [ HEADER ] array (
  'cookie' => 'pgv_pvi=6427795456; pgv_si=s6016609280; PHPSESSID=8t5lsi7lhgce9cctsvd0v2vo57',
  'accept-language' => 'zh-CN,zh;q=0.9',
  'accept-encoding' => 'gzip, deflate',
  'referer' => 'http://www.tpshop.com/admin/article/index.html',
  'accept' => 'text/html,application/xhtml+xml,application/xml;q=0.9,image/webp,image/apng,*/*;q=0.8',
  'user-agent' => 'Mozilla/5.0 (Windows NT 10.0; Win64; x64) AppleWebKit/537.36 (KHTML, like Gecko) Chrome/69.0.3497.100 Safari/537.36',
  'upgrade-insecure-requests' => '1',
  'cache-control' => 'max-age=0',
  'connection' => 'close',
  'host' => 'www.tpshop.com',
)
[ info ] [ PARAM ] array (
  '/admin/article/article_add_html' => '',
)
[ info ] [ RUN ] app\admin\controller\Article->article_add[ E:\myphp_www\WWW\tpshop\app\admin\controller\Article.php ]
[ info ] [ VIEW ] E:\myphp_www\WWW\tpshop\public/../app/admin\view\article\article_add.html [ array (
) ]
[ info ] [ SESSION ] INIT array (
  'id' => '',
  'var_session_id' => '',
  'prefix' => 'think',
  'type' => '',
  'auto_start' => true,
)
[ info ] [ LOG ] INIT File
---------------------------------------------------------------
[ 2018-12-19T21:13:36+08:00 ] 127.0.0.1 GET /admin/article/article_add.html
[ info ] www.tpshop.com/admin/article/article_add.html [运行时间：0.055780s][吞吐率：17.93req/s] [内存消耗：1,503.09kb] [文件加载：43]
[ info ] [ LANG ] E:\myphp_www\WWW\tpshop\thinkphp\lang\zh-cn.php
[ info ] [ ROUTE ] array (
  'type' => 'module',
  'module' => 
  array (
    0 => 'admin',
    1 => 'article',
    2 => 'article_add',
  ),
)
[ info ] [ HEADER ] array (
  'cookie' => 'pgv_pvi=6427795456; pgv_si=s6016609280; PHPSESSID=8t5lsi7lhgce9cctsvd0v2vo57',
  'accept-language' => 'zh-CN,zh;q=0.9',
  'accept-encoding' => 'gzip, deflate',
  'referer' => 'http://www.tpshop.com/admin/article/index.html',
  'accept' => 'text/html,application/xhtml+xml,application/xml;q=0.9,image/webp,image/apng,*/*;q=0.8',
  'user-agent' => 'Mozilla/5.0 (Windows NT 10.0; Win64; x64) AppleWebKit/537.36 (KHTML, like Gecko) Chrome/69.0.3497.100 Safari/537.36',
  'upgrade-insecure-requests' => '1',
  'cache-control' => 'max-age=0',
  'connection' => 'close',
  'host' => 'www.tpshop.com',
)
[ info ] [ PARAM ] array (
  '/admin/article/article_add_html' => '',
)
[ info ] [ RUN ] app\admin\controller\Article->article_add[ E:\myphp_www\WWW\tpshop\app\admin\controller\Article.php ]
[ info ] [ VIEW ] E:\myphp_www\WWW\tpshop\public/../app/admin\view\article\article_add.html [ array (
) ]
[ info ] [ SESSION ] INIT array (
  'id' => '',
  'var_session_id' => '',
  'prefix' => 'think',
  'type' => '',
  'auto_start' => true,
)
[ info ] [ LOG ] INIT File
---------------------------------------------------------------
[ 2018-12-19T21:19:14+08:00 ] 127.0.0.1 GET /admin/article/article_add.html
[ info ] www.tpshop.com/admin/article/article_add.html [运行时间：0.046944s][吞吐率：21.30req/s] [内存消耗：1,503.38kb] [文件加载：43]
[ info ] [ LANG ] E:\myphp_www\WWW\tpshop\thinkphp\lang\zh-cn.php
[ info ] [ ROUTE ] array (
  'type' => 'module',
  'module' => 
  array (
    0 => 'admin',
    1 => 'article',
    2 => 'article_add',
  ),
)
[ info ] [ HEADER ] array (
  'cookie' => 'pgv_pvi=6427795456; pgv_si=s6016609280; PHPSESSID=8t5lsi7lhgce9cctsvd0v2vo57',
  'accept-language' => 'zh-CN,zh;q=0.9',
  'accept-encoding' => 'gzip, deflate',
  'referer' => 'http://www.tpshop.com/admin/article/index.html',
  'accept' => 'text/html,application/xhtml+xml,application/xml;q=0.9,image/webp,image/apng,*/*;q=0.8',
  'user-agent' => 'Mozilla/5.0 (Windows NT 10.0; Win64; x64) AppleWebKit/537.36 (KHTML, like Gecko) Chrome/69.0.3497.100 Safari/537.36',
  'upgrade-insecure-requests' => '1',
  'cache-control' => 'no-cache',
  'pragma' => 'no-cache',
  'connection' => 'close',
  'host' => 'www.tpshop.com',
)
[ info ] [ PARAM ] array (
  '/admin/article/article_add_html' => '',
)
[ info ] [ RUN ] app\admin\controller\Article->article_add[ E:\myphp_www\WWW\tpshop\app\admin\controller\Article.php ]
[ info ] [ VIEW ] E:\myphp_www\WWW\tpshop\public/../app/admin\view\article\article_add.html [ array (
) ]
[ info ] [ SESSION ] INIT array (
  'id' => '',
  'var_session_id' => '',
  'prefix' => 'think',
  'type' => '',
  'auto_start' => true,
)
[ info ] [ LOG ] INIT File
---------------------------------------------------------------
[ 2018-12-19T21:19:40+08:00 ] 127.0.0.1 GET /admin/article/article_add.html
[ info ] www.tpshop.com/admin/article/article_add.html [运行时间：0.047129s][吞吐率：21.22req/s] [内存消耗：1,467.12kb] [文件加载：43]
[ info ] [ LANG ] E:\myphp_www\WWW\tpshop\thinkphp\lang\zh-cn.php
[ info ] [ ROUTE ] array (
  'type' => 'module',
  'module' => 
  array (
    0 => 'admin',
    1 => 'article',
    2 => 'article_add',
  ),
)
[ info ] [ HEADER ] array (
  'cookie' => 'pgv_pvi=6427795456; pgv_si=s6016609280; PHPSESSID=8t5lsi7lhgce9cctsvd0v2vo57',
  'accept-language' => 'zh-CN,zh;q=0.9',
  'accept-encoding' => 'gzip, deflate',
  'referer' => 'http://www.tpshop.com/admin/article/index.html',
  'accept' => 'text/html,application/xhtml+xml,application/xml;q=0.9,image/webp,image/apng,*/*;q=0.8',
  'user-agent' => 'Mozilla/5.0 (Windows NT 10.0; Win64; x64) AppleWebKit/537.36 (KHTML, like Gecko) Chrome/69.0.3497.100 Safari/537.36',
  'upgrade-insecure-requests' => '1',
  'cache-control' => 'no-cache',
  'pragma' => 'no-cache',
  'connection' => 'close',
  'host' => 'www.tpshop.com',
)
[ info ] [ PARAM ] array (
  '/admin/article/article_add_html' => '',
)
[ info ] [ RUN ] app\admin\controller\Article->article_add[ E:\myphp_www\WWW\tpshop\app\admin\controller\Article.php ]
[ info ] [ VIEW ] E:\myphp_www\WWW\tpshop\public/../app/admin\view\article\article_add.html [ array (
) ]
[ info ] [ SESSION ] INIT array (
  'id' => '',
  'var_session_id' => '',
  'prefix' => 'think',
  'type' => '',
  'auto_start' => true,
)
[ info ] [ LOG ] INIT File
---------------------------------------------------------------
[ 2018-12-19T21:20:11+08:00 ] 127.0.0.1 GET /admin/article/article_add.html
[ info ] www.tpshop.com/admin/article/article_add.html [运行时间：0.041953s][吞吐率：23.84req/s] [内存消耗：1,467.11kb] [文件加载：43]
[ info ] [ LANG ] E:\myphp_www\WWW\tpshop\thinkphp\lang\zh-cn.php
[ info ] [ ROUTE ] array (
  'type' => 'module',
  'module' => 
  array (
    0 => 'admin',
    1 => 'article',
    2 => 'article_add',
  ),
)
[ info ] [ HEADER ] array (
  'cookie' => 'pgv_pvi=6427795456; pgv_si=s6016609280; PHPSESSID=8t5lsi7lhgce9cctsvd0v2vo57',
  'accept-language' => 'zh-CN,zh;q=0.9',
  'accept-encoding' => 'gzip, deflate',
  'referer' => 'http://www.tpshop.com/admin/article/index.html',
  'accept' => 'text/html,application/xhtml+xml,application/xml;q=0.9,image/webp,image/apng,*/*;q=0.8',
  'user-agent' => 'Mozilla/5.0 (Windows NT 10.0; Win64; x64) AppleWebKit/537.36 (KHTML, like Gecko) Chrome/69.0.3497.100 Safari/537.36',
  'upgrade-insecure-requests' => '1',
  'cache-control' => 'no-cache',
  'pragma' => 'no-cache',
  'connection' => 'close',
  'host' => 'www.tpshop.com',
)
[ info ] [ PARAM ] array (
  '/admin/article/article_add_html' => '',
)
[ info ] [ RUN ] app\admin\controller\Article->article_add[ E:\myphp_www\WWW\tpshop\app\admin\controller\Article.php ]
[ info ] [ VIEW ] E:\myphp_www\WWW\tpshop\public/../app/admin\view\article\article_add.html [ array (
) ]
[ info ] [ SESSION ] INIT array (
  'id' => '',
  'var_session_id' => '',
  'prefix' => 'think',
  'type' => '',
  'auto_start' => true,
)
[ info ] [ LOG ] INIT File
---------------------------------------------------------------
[ 2018-12-19T21:20:52+08:00 ] 127.0.0.1 GET /admin/article/article_add.html
[ info ] www.tpshop.com/admin/article/article_add.html [运行时间：0.055766s][吞吐率：17.93req/s] [内存消耗：1,467.06kb] [文件加载：43]
[ info ] [ LANG ] E:\myphp_www\WWW\tpshop\thinkphp\lang\zh-cn.php
[ info ] [ ROUTE ] array (
  'type' => 'module',
  'module' => 
  array (
    0 => 'admin',
    1 => 'article',
    2 => 'article_add',
  ),
)
[ info ] [ HEADER ] array (
  'cookie' => 'pgv_pvi=6427795456; pgv_si=s6016609280; PHPSESSID=8t5lsi7lhgce9cctsvd0v2vo57',
  'accept-language' => 'zh-CN,zh;q=0.9',
  'accept-encoding' => 'gzip, deflate',
  'referer' => 'http://www.tpshop.com/admin/article/index.html',
  'accept' => 'text/html,application/xhtml+xml,application/xml;q=0.9,image/webp,image/apng,*/*;q=0.8',
  'user-agent' => 'Mozilla/5.0 (Windows NT 10.0; Win64; x64) AppleWebKit/537.36 (KHTML, like Gecko) Chrome/69.0.3497.100 Safari/537.36',
  'upgrade-insecure-requests' => '1',
  'cache-control' => 'no-cache',
  'pragma' => 'no-cache',
  'connection' => 'close',
  'host' => 'www.tpshop.com',
)
[ info ] [ PARAM ] array (
  '/admin/article/article_add_html' => '',
)
[ info ] [ RUN ] app\admin\controller\Article->article_add[ E:\myphp_www\WWW\tpshop\app\admin\controller\Article.php ]
[ info ] [ VIEW ] E:\myphp_www\WWW\tpshop\public/../app/admin\view\article\article_add.html [ array (
) ]
[ info ] [ SESSION ] INIT array (
  'id' => '',
  'var_session_id' => '',
  'prefix' => 'think',
  'type' => '',
  'auto_start' => true,
)
[ info ] [ LOG ] INIT File
---------------------------------------------------------------
[ 2018-12-19T21:21:24+08:00 ] 127.0.0.1 GET /admin/article/article_add.html
[ info ] www.tpshop.com/admin/article/article_add.html [运行时间：0.071530s][吞吐率：13.98req/s] [内存消耗：1,466.78kb] [文件加载：43]
[ info ] [ LANG ] E:\myphp_www\WWW\tpshop\thinkphp\lang\zh-cn.php
[ info ] [ ROUTE ] array (
  'type' => 'module',
  'module' => 
  array (
    0 => 'admin',
    1 => 'article',
    2 => 'article_add',
  ),
)
[ info ] [ HEADER ] array (
  'cookie' => 'pgv_pvi=6427795456; pgv_si=s6016609280; PHPSESSID=8t5lsi7lhgce9cctsvd0v2vo57',
  'accept-language' => 'zh-CN,zh;q=0.9',
  'accept-encoding' => 'gzip, deflate',
  'referer' => 'http://www.tpshop.com/admin/article/index.html',
  'accept' => 'text/html,application/xhtml+xml,application/xml;q=0.9,image/webp,image/apng,*/*;q=0.8',
  'user-agent' => 'Mozilla/5.0 (Windows NT 10.0; Win64; x64) AppleWebKit/537.36 (KHTML, like Gecko) Chrome/69.0.3497.100 Safari/537.36',
  'upgrade-insecure-requests' => '1',
  'cache-control' => 'no-cache',
  'pragma' => 'no-cache',
  'connection' => 'close',
  'host' => 'www.tpshop.com',
)
[ info ] [ PARAM ] array (
  '/admin/article/article_add_html' => '',
)
[ info ] [ RUN ] app\admin\controller\Article->article_add[ E:\myphp_www\WWW\tpshop\app\admin\controller\Article.php ]
[ info ] [ VIEW ] E:\myphp_www\WWW\tpshop\public/../app/admin\view\article\article_add.html [ array (
) ]
[ info ] [ SESSION ] INIT array (
  'id' => '',
  'var_session_id' => '',
  'prefix' => 'think',
  'type' => '',
  'auto_start' => true,
)
[ info ] [ LOG ] INIT File
---------------------------------------------------------------
[ 2018-12-19T21:21:33+08:00 ] 127.0.0.1 GET /admin/article/article_add.html
[ info ] www.tpshop.com/admin/article/article_add.html [运行时间：0.061161s][吞吐率：16.35req/s] [内存消耗：1,467.02kb] [文件加载：43]
[ info ] [ LANG ] E:\myphp_www\WWW\tpshop\thinkphp\lang\zh-cn.php
[ info ] [ ROUTE ] array (
  'type' => 'module',
  'module' => 
  array (
    0 => 'admin',
    1 => 'article',
    2 => 'article_add',
  ),
)
[ info ] [ HEADER ] array (
  'cookie' => 'pgv_pvi=6427795456; pgv_si=s6016609280; PHPSESSID=8t5lsi7lhgce9cctsvd0v2vo57',
  'accept-language' => 'zh-CN,zh;q=0.9',
  'accept-encoding' => 'gzip, deflate',
  'referer' => 'http://www.tpshop.com/admin/article/index.html',
  'accept' => 'text/html,application/xhtml+xml,application/xml;q=0.9,image/webp,image/apng,*/*;q=0.8',
  'user-agent' => 'Mozilla/5.0 (Windows NT 10.0; Win64; x64) AppleWebKit/537.36 (KHTML, like Gecko) Chrome/69.0.3497.100 Safari/537.36',
  'upgrade-insecure-requests' => '1',
  'cache-control' => 'no-cache',
  'pragma' => 'no-cache',
  'connection' => 'close',
  'host' => 'www.tpshop.com',
)
[ info ] [ PARAM ] array (
  '/admin/article/article_add_html' => '',
)
[ info ] [ RUN ] app\admin\controller\Article->article_add[ E:\myphp_www\WWW\tpshop\app\admin\controller\Article.php ]
[ info ] [ VIEW ] E:\myphp_www\WWW\tpshop\public/../app/admin\view\article\article_add.html [ array (
) ]
[ info ] [ SESSION ] INIT array (
  'id' => '',
  'var_session_id' => '',
  'prefix' => 'think',
  'type' => '',
  'auto_start' => true,
)
[ info ] [ LOG ] INIT File
---------------------------------------------------------------
[ 2018-12-19T21:21:43+08:00 ] 127.0.0.1 GET /admin/article/article_add.html
[ info ] www.tpshop.com/admin/article/article_add.html [运行时间：0.049674s][吞吐率：20.13req/s] [内存消耗：1,467.02kb] [文件加载：43]
[ info ] [ LANG ] E:\myphp_www\WWW\tpshop\thinkphp\lang\zh-cn.php
[ info ] [ ROUTE ] array (
  'type' => 'module',
  'module' => 
  array (
    0 => 'admin',
    1 => 'article',
    2 => 'article_add',
  ),
)
[ info ] [ HEADER ] array (
  'cookie' => 'pgv_pvi=6427795456; pgv_si=s6016609280; PHPSESSID=8t5lsi7lhgce9cctsvd0v2vo57',
  'accept-language' => 'zh-CN,zh;q=0.9',
  'accept-encoding' => 'gzip, deflate',
  'referer' => 'http://www.tpshop.com/admin/article/index.html',
  'accept' => 'text/html,application/xhtml+xml,application/xml;q=0.9,image/webp,image/apng,*/*;q=0.8',
  'user-agent' => 'Mozilla/5.0 (Windows NT 10.0; Win64; x64) AppleWebKit/537.36 (KHTML, like Gecko) Chrome/69.0.3497.100 Safari/537.36',
  'upgrade-insecure-requests' => '1',
  'cache-control' => 'no-cache',
  'pragma' => 'no-cache',
  'connection' => 'close',
  'host' => 'www.tpshop.com',
)
[ info ] [ PARAM ] array (
  '/admin/article/article_add_html' => '',
)
[ info ] [ RUN ] app\admin\controller\Article->article_add[ E:\myphp_www\WWW\tpshop\app\admin\controller\Article.php ]
[ info ] [ VIEW ] E:\myphp_www\WWW\tpshop\public/../app/admin\view\article\article_add.html [ array (
) ]
[ info ] [ SESSION ] INIT array (
  'id' => '',
  'var_session_id' => '',
  'prefix' => 'think',
  'type' => '',
  'auto_start' => true,
)
[ info ] [ LOG ] INIT File
---------------------------------------------------------------
[ 2018-12-19T21:22:05+08:00 ] 127.0.0.1 GET /admin/article/article_add.html
[ info ] www.tpshop.com/admin/article/article_add.html [运行时间：0.050596s][吞吐率：19.76req/s] [内存消耗：1,467.02kb] [文件加载：43]
[ info ] [ LANG ] E:\myphp_www\WWW\tpshop\thinkphp\lang\zh-cn.php
[ info ] [ ROUTE ] array (
  'type' => 'module',
  'module' => 
  array (
    0 => 'admin',
    1 => 'article',
    2 => 'article_add',
  ),
)
[ info ] [ HEADER ] array (
  'cookie' => 'pgv_pvi=6427795456; pgv_si=s6016609280; PHPSESSID=8t5lsi7lhgce9cctsvd0v2vo57',
  'accept-language' => 'zh-CN,zh;q=0.9',
  'accept-encoding' => 'gzip, deflate',
  'referer' => 'http://www.tpshop.com/admin/article/index.html',
  'accept' => 'text/html,application/xhtml+xml,application/xml;q=0.9,image/webp,image/apng,*/*;q=0.8',
  'user-agent' => 'Mozilla/5.0 (Windows NT 10.0; Win64; x64) AppleWebKit/537.36 (KHTML, like Gecko) Chrome/69.0.3497.100 Safari/537.36',
  'upgrade-insecure-requests' => '1',
  'cache-control' => 'no-cache',
  'pragma' => 'no-cache',
  'connection' => 'close',
  'host' => 'www.tpshop.com',
)
[ info ] [ PARAM ] array (
  '/admin/article/article_add_html' => '',
)
[ info ] [ RUN ] app\admin\controller\Article->article_add[ E:\myphp_www\WWW\tpshop\app\admin\controller\Article.php ]
[ info ] [ VIEW ] E:\myphp_www\WWW\tpshop\public/../app/admin\view\article\article_add.html [ array (
) ]
[ info ] [ SESSION ] INIT array (
  'id' => '',
  'var_session_id' => '',
  'prefix' => 'think',
  'type' => '',
  'auto_start' => true,
)
[ info ] [ LOG ] INIT File
---------------------------------------------------------------
[ 2018-12-19T21:22:08+08:00 ] 127.0.0.1 GET /admin/article/article_add.html?article_title=&phone=&email=
[ info ] www.tpshop.com/admin/article/article_add.html?article_title=&phone=&email= [运行时间：0.038710s][吞吐率：25.83req/s] [内存消耗：1,327.30kb] [文件加载：41]
[ info ] [ LANG ] E:\myphp_www\WWW\tpshop\thinkphp\lang\zh-cn.php
[ info ] [ ROUTE ] array (
  'type' => 'module',
  'module' => 
  array (
    0 => 'admin',
    1 => 'article',
    2 => 'article_add',
  ),
)
[ info ] [ HEADER ] array (
  'cookie' => 'pgv_pvi=6427795456; pgv_si=s6016609280; PHPSESSID=8t5lsi7lhgce9cctsvd0v2vo57',
  'accept-language' => 'zh-CN,zh;q=0.9',
  'accept-encoding' => 'gzip, deflate',
  'referer' => 'http://www.tpshop.com/admin/article/article_add.html',
  'accept' => 'text/html,application/xhtml+xml,application/xml;q=0.9,image/webp,image/apng,*/*;q=0.8',
  'user-agent' => 'Mozilla/5.0 (Windows NT 10.0; Win64; x64) AppleWebKit/537.36 (KHTML, like Gecko) Chrome/69.0.3497.100 Safari/537.36',
  'upgrade-insecure-requests' => '1',
  'cache-control' => 'no-cache',
  'pragma' => 'no-cache',
  'connection' => 'close',
  'host' => 'www.tpshop.com',
)
[ info ] [ PARAM ] array (
  '/admin/article/article_add_html' => '',
  'article_title' => '',
  'phone' => '',
  'email' => '',
)
[ info ] [ RUN ] app\admin\controller\Article->article_add[ E:\myphp_www\WWW\tpshop\app\admin\controller\Article.php ]
[ info ] [ VIEW ] E:\myphp_www\WWW\tpshop\public/../app/admin\view\article\article_add.html [ array (
) ]
[ info ] [ SESSION ] INIT array (
  'id' => '',
  'var_session_id' => '',
  'prefix' => 'think',
  'type' => '',
  'auto_start' => true,
)
[ info ] [ LOG ] INIT File
---------------------------------------------------------------
[ 2018-12-19T21:22:10+08:00 ] 127.0.0.1 GET /admin/article/article_add.html?article_title=&phone=&email=
[ info ] www.tpshop.com/admin/article/article_add.html?article_title=&phone=&email= [运行时间：0.034372s][吞吐率：29.09req/s] [内存消耗：1,327.51kb] [文件加载：41]
[ info ] [ LANG ] E:\myphp_www\WWW\tpshop\thinkphp\lang\zh-cn.php
[ info ] [ ROUTE ] array (
  'type' => 'module',
  'module' => 
  array (
    0 => 'admin',
    1 => 'article',
    2 => 'article_add',
  ),
)
[ info ] [ HEADER ] array (
  'cookie' => 'pgv_pvi=6427795456; pgv_si=s6016609280; PHPSESSID=8t5lsi7lhgce9cctsvd0v2vo57',
  'accept-language' => 'zh-CN,zh;q=0.9',
  'accept-encoding' => 'gzip, deflate',
  'referer' => 'http://www.tpshop.com/admin/article/article_add.html?article_title=&phone=&email=',
  'accept' => 'text/html,application/xhtml+xml,application/xml;q=0.9,image/webp,image/apng,*/*;q=0.8',
  'user-agent' => 'Mozilla/5.0 (Windows NT 10.0; Win64; x64) AppleWebKit/537.36 (KHTML, like Gecko) Chrome/69.0.3497.100 Safari/537.36',
  'upgrade-insecure-requests' => '1',
  'cache-control' => 'no-cache',
  'pragma' => 'no-cache',
  'connection' => 'close',
  'host' => 'www.tpshop.com',
)
[ info ] [ PARAM ] array (
  '/admin/article/article_add_html' => '',
  'article_title' => '',
  'phone' => '',
  'email' => '',
)
[ info ] [ RUN ] app\admin\controller\Article->article_add[ E:\myphp_www\WWW\tpshop\app\admin\controller\Article.php ]
[ info ] [ VIEW ] E:\myphp_www\WWW\tpshop\public/../app/admin\view\article\article_add.html [ array (
) ]
[ info ] [ SESSION ] INIT array (
  'id' => '',
  'var_session_id' => '',
  'prefix' => 'think',
  'type' => '',
  'auto_start' => true,
)
[ info ] [ LOG ] INIT File
---------------------------------------------------------------
[ 2018-12-19T21:22:20+08:00 ] 127.0.0.1 GET /admin/article/article_add.html?article_title=&phone=&email=
[ info ] www.tpshop.com/admin/article/article_add.html?article_title=&phone=&email= [运行时间：0.048908s][吞吐率：20.45req/s] [内存消耗：1,467.58kb] [文件加载：43]
[ info ] [ LANG ] E:\myphp_www\WWW\tpshop\thinkphp\lang\zh-cn.php
[ info ] [ ROUTE ] array (
  'type' => 'module',
  'module' => 
  array (
    0 => 'admin',
    1 => 'article',
    2 => 'article_add',
  ),
)
[ info ] [ HEADER ] array (
  'cookie' => 'pgv_pvi=6427795456; pgv_si=s6016609280; PHPSESSID=8t5lsi7lhgce9cctsvd0v2vo57',
  'accept-language' => 'zh-CN,zh;q=0.9',
  'accept-encoding' => 'gzip, deflate',
  'referer' => 'http://www.tpshop.com/admin/article/article_add.html?article_title=&phone=&email=',
  'accept' => 'text/html,application/xhtml+xml,application/xml;q=0.9,image/webp,image/apng,*/*;q=0.8',
  'user-agent' => 'Mozilla/5.0 (Windows NT 10.0; Win64; x64) AppleWebKit/537.36 (KHTML, like Gecko) Chrome/69.0.3497.100 Safari/537.36',
  'upgrade-insecure-requests' => '1',
  'cache-control' => 'max-age=0',
  'connection' => 'close',
  'host' => 'www.tpshop.com',
)
[ info ] [ PARAM ] array (
  '/admin/article/article_add_html' => '',
  'article_title' => '',
  'phone' => '',
  'email' => '',
)
[ info ] [ RUN ] app\admin\controller\Article->article_add[ E:\myphp_www\WWW\tpshop\app\admin\controller\Article.php ]
[ info ] [ VIEW ] E:\myphp_www\WWW\tpshop\public/../app/admin\view\article\article_add.html [ array (
) ]
[ info ] [ SESSION ] INIT array (
  'id' => '',
  'var_session_id' => '',
  'prefix' => 'think',
  'type' => '',
  'auto_start' => true,
)
[ info ] [ LOG ] INIT File
---------------------------------------------------------------
[ 2018-12-19T21:22:32+08:00 ] 127.0.0.1 GET /admin/article/article_add.html?article_title=&phone=&email=
[ info ] www.tpshop.com/admin/article/article_add.html?article_title=&phone=&email= [运行时间：0.055778s][吞吐率：17.93req/s] [内存消耗：1,467.53kb] [文件加载：43]
[ info ] [ LANG ] E:\myphp_www\WWW\tpshop\thinkphp\lang\zh-cn.php
[ info ] [ ROUTE ] array (
  'type' => 'module',
  'module' => 
  array (
    0 => 'admin',
    1 => 'article',
    2 => 'article_add',
  ),
)
[ info ] [ HEADER ] array (
  'cookie' => 'pgv_pvi=6427795456; pgv_si=s6016609280; PHPSESSID=8t5lsi7lhgce9cctsvd0v2vo57',
  'accept-language' => 'zh-CN,zh;q=0.9',
  'accept-encoding' => 'gzip, deflate',
  'referer' => 'http://www.tpshop.com/admin/article/article_add.html?article_title=&phone=&email=',
  'accept' => 'text/html,application/xhtml+xml,application/xml;q=0.9,image/webp,image/apng,*/*;q=0.8',
  'user-agent' => 'Mozilla/5.0 (Windows NT 10.0; Win64; x64) AppleWebKit/537.36 (KHTML, like Gecko) Chrome/69.0.3497.100 Safari/537.36',
  'upgrade-insecure-requests' => '1',
  'cache-control' => 'max-age=0',
  'connection' => 'close',
  'host' => 'www.tpshop.com',
)
[ info ] [ PARAM ] array (
  '/admin/article/article_add_html' => '',
  'article_title' => '',
  'phone' => '',
  'email' => '',
)
[ info ] [ RUN ] app\admin\controller\Article->article_add[ E:\myphp_www\WWW\tpshop\app\admin\controller\Article.php ]
[ info ] [ VIEW ] E:\myphp_www\WWW\tpshop\public/../app/admin\view\article\article_add.html [ array (
) ]
[ info ] [ SESSION ] INIT array (
  'id' => '',
  'var_session_id' => '',
  'prefix' => 'think',
  'type' => '',
  'auto_start' => true,
)
[ info ] [ LOG ] INIT File
---------------------------------------------------------------
[ 2018-12-19T21:22:42+08:00 ] 127.0.0.1 GET /admin/article/article_add.html?article_title=&phone=&email=
[ info ] www.tpshop.com/admin/article/article_add.html?article_title=&phone=&email= [运行时间：0.045000s][吞吐率：22.22req/s] [内存消耗：1,467.48kb] [文件加载：43]
[ info ] [ LANG ] E:\myphp_www\WWW\tpshop\thinkphp\lang\zh-cn.php
[ info ] [ ROUTE ] array (
  'type' => 'module',
  'module' => 
  array (
    0 => 'admin',
    1 => 'article',
    2 => 'article_add',
  ),
)
[ info ] [ HEADER ] array (
  'cookie' => 'pgv_pvi=6427795456; pgv_si=s6016609280; PHPSESSID=8t5lsi7lhgce9cctsvd0v2vo57',
  'accept-language' => 'zh-CN,zh;q=0.9',
  'accept-encoding' => 'gzip, deflate',
  'referer' => 'http://www.tpshop.com/admin/article/article_add.html?article_title=&phone=&email=',
  'accept' => 'text/html,application/xhtml+xml,application/xml;q=0.9,image/webp,image/apng,*/*;q=0.8',
  'user-agent' => 'Mozilla/5.0 (Windows NT 10.0; Win64; x64) AppleWebKit/537.36 (KHTML, like Gecko) Chrome/69.0.3497.100 Safari/537.36',
  'upgrade-insecure-requests' => '1',
  'cache-control' => 'max-age=0',
  'connection' => 'close',
  'host' => 'www.tpshop.com',
)
[ info ] [ PARAM ] array (
  '/admin/article/article_add_html' => '',
  'article_title' => '',
  'phone' => '',
  'email' => '',
)
[ info ] [ RUN ] app\admin\controller\Article->article_add[ E:\myphp_www\WWW\tpshop\app\admin\controller\Article.php ]
[ info ] [ VIEW ] E:\myphp_www\WWW\tpshop\public/../app/admin\view\article\article_add.html [ array (
) ]
[ info ] [ SESSION ] INIT array (
  'id' => '',
  'var_session_id' => '',
  'prefix' => 'think',
  'type' => '',
  'auto_start' => true,
)
[ info ] [ LOG ] INIT File
---------------------------------------------------------------
[ 2018-12-19T21:22:47+08:00 ] 127.0.0.1 GET /admin/article/article_add.html?article_title=&phone=&email=
[ info ] www.tpshop.com/admin/article/article_add.html?article_title=&phone=&email= [运行时间：0.056625s][吞吐率：17.66req/s] [内存消耗：1,467.39kb] [文件加载：43]
[ info ] [ LANG ] E:\myphp_www\WWW\tpshop\thinkphp\lang\zh-cn.php
[ info ] [ ROUTE ] array (
  'type' => 'module',
  'module' => 
  array (
    0 => 'admin',
    1 => 'article',
    2 => 'article_add',
  ),
)
[ info ] [ HEADER ] array (
  'cookie' => 'pgv_pvi=6427795456; pgv_si=s6016609280; PHPSESSID=8t5lsi7lhgce9cctsvd0v2vo57',
  'accept-language' => 'zh-CN,zh;q=0.9',
  'accept-encoding' => 'gzip, deflate',
  'referer' => 'http://www.tpshop.com/admin/article/article_add.html?article_title=&phone=&email=',
  'accept' => 'text/html,application/xhtml+xml,application/xml;q=0.9,image/webp,image/apng,*/*;q=0.8',
  'user-agent' => 'Mozilla/5.0 (Windows NT 10.0; Win64; x64) AppleWebKit/537.36 (KHTML, like Gecko) Chrome/69.0.3497.100 Safari/537.36',
  'upgrade-insecure-requests' => '1',
  'cache-control' => 'max-age=0',
  'connection' => 'close',
  'host' => 'www.tpshop.com',
)
[ info ] [ PARAM ] array (
  '/admin/article/article_add_html' => '',
  'article_title' => '',
  'phone' => '',
  'email' => '',
)
[ info ] [ RUN ] app\admin\controller\Article->article_add[ E:\myphp_www\WWW\tpshop\app\admin\controller\Article.php ]
[ info ] [ VIEW ] E:\myphp_www\WWW\tpshop\public/../app/admin\view\article\article_add.html [ array (
) ]
[ info ] [ SESSION ] INIT array (
  'id' => '',
  'var_session_id' => '',
  'prefix' => 'think',
  'type' => '',
  'auto_start' => true,
)
[ info ] [ LOG ] INIT File
---------------------------------------------------------------
[ 2018-12-19T21:22:54+08:00 ] 127.0.0.1 GET /admin/article/article_add.html?article_title=&phone=&email=
[ info ] www.tpshop.com/admin/article/article_add.html?article_title=&phone=&email= [运行时间：0.047875s][吞吐率：20.89req/s] [内存消耗：1,467.30kb] [文件加载：43]
[ info ] [ LANG ] E:\myphp_www\WWW\tpshop\thinkphp\lang\zh-cn.php
[ info ] [ ROUTE ] array (
  'type' => 'module',
  'module' => 
  array (
    0 => 'admin',
    1 => 'article',
    2 => 'article_add',
  ),
)
[ info ] [ HEADER ] array (
  'cookie' => 'pgv_pvi=6427795456; pgv_si=s6016609280; PHPSESSID=8t5lsi7lhgce9cctsvd0v2vo57',
  'accept-language' => 'zh-CN,zh;q=0.9',
  'accept-encoding' => 'gzip, deflate',
  'referer' => 'http://www.tpshop.com/admin/article/article_add.html?article_title=&phone=&email=',
  'accept' => 'text/html,application/xhtml+xml,application/xml;q=0.9,image/webp,image/apng,*/*;q=0.8',
  'user-agent' => 'Mozilla/5.0 (Windows NT 10.0; Win64; x64) AppleWebKit/537.36 (KHTML, like Gecko) Chrome/69.0.3497.100 Safari/537.36',
  'upgrade-insecure-requests' => '1',
  'cache-control' => 'max-age=0',
  'connection' => 'close',
  'host' => 'www.tpshop.com',
)
[ info ] [ PARAM ] array (
  '/admin/article/article_add_html' => '',
  'article_title' => '',
  'phone' => '',
  'email' => '',
)
[ info ] [ RUN ] app\admin\controller\Article->article_add[ E:\myphp_www\WWW\tpshop\app\admin\controller\Article.php ]
[ info ] [ VIEW ] E:\myphp_www\WWW\tpshop\public/../app/admin\view\article\article_add.html [ array (
) ]
[ info ] [ SESSION ] INIT array (
  'id' => '',
  'var_session_id' => '',
  'prefix' => 'think',
  'type' => '',
  'auto_start' => true,
)
[ info ] [ LOG ] INIT File
---------------------------------------------------------------
[ 2018-12-19T21:24:14+08:00 ] 127.0.0.1 GET /admin/article/article_add.html?article_title=&phone=&email=
[ info ] www.tpshop.com/admin/article/article_add.html?article_title=&phone=&email= [运行时间：0.044701s][吞吐率：22.37req/s] [内存消耗：1,467.34kb] [文件加载：43]
[ info ] [ LANG ] E:\myphp_www\WWW\tpshop\thinkphp\lang\zh-cn.php
[ info ] [ ROUTE ] array (
  'type' => 'module',
  'module' => 
  array (
    0 => 'admin',
    1 => 'article',
    2 => 'article_add',
  ),
)
[ info ] [ HEADER ] array (
  'cookie' => 'pgv_pvi=6427795456; pgv_si=s6016609280; PHPSESSID=8t5lsi7lhgce9cctsvd0v2vo57',
  'accept-language' => 'zh-CN,zh;q=0.9',
  'accept-encoding' => 'gzip, deflate',
  'referer' => 'http://www.tpshop.com/admin/article/article_add.html?article_title=&phone=&email=',
  'accept' => 'text/html,application/xhtml+xml,application/xml;q=0.9,image/webp,image/apng,*/*;q=0.8',
  'user-agent' => 'Mozilla/5.0 (Windows NT 10.0; Win64; x64) AppleWebKit/537.36 (KHTML, like Gecko) Chrome/69.0.3497.100 Safari/537.36',
  'upgrade-insecure-requests' => '1',
  'cache-control' => 'max-age=0',
  'connection' => 'close',
  'host' => 'www.tpshop.com',
)
[ info ] [ PARAM ] array (
  '/admin/article/article_add_html' => '',
  'article_title' => '',
  'phone' => '',
  'email' => '',
)
[ info ] [ RUN ] app\admin\controller\Article->article_add[ E:\myphp_www\WWW\tpshop\app\admin\controller\Article.php ]
[ info ] [ VIEW ] E:\myphp_www\WWW\tpshop\public/../app/admin\view\article\article_add.html [ array (
) ]
[ info ] [ SESSION ] INIT array (
  'id' => '',
  'var_session_id' => '',
  'prefix' => 'think',
  'type' => '',
  'auto_start' => true,
)
[ info ] [ LOG ] INIT File
---------------------------------------------------------------
[ 2018-12-19T21:29:42+08:00 ] 127.0.0.1 GET /admin/article/article_add.html?article_title=&phone=&email=
[ info ] www.tpshop.com/admin/article/article_add.html?article_title=&phone=&email= [运行时间：0.053085s][吞吐率：18.84req/s] [内存消耗：1,467.21kb] [文件加载：43]
[ info ] [ LANG ] E:\myphp_www\WWW\tpshop\thinkphp\lang\zh-cn.php
[ info ] [ ROUTE ] array (
  'type' => 'module',
  'module' => 
  array (
    0 => 'admin',
    1 => 'article',
    2 => 'article_add',
  ),
)
[ info ] [ HEADER ] array (
  'cookie' => 'pgv_pvi=6427795456; pgv_si=s6016609280; PHPSESSID=8t5lsi7lhgce9cctsvd0v2vo57',
  'accept-language' => 'zh-CN,zh;q=0.9',
  'accept-encoding' => 'gzip, deflate',
  'referer' => 'http://www.tpshop.com/admin/article/article_add.html?article_title=&phone=&email=',
  'accept' => 'text/html,application/xhtml+xml,application/xml;q=0.9,image/webp,image/apng,*/*;q=0.8',
  'user-agent' => 'Mozilla/5.0 (Windows NT 10.0; Win64; x64) AppleWebKit/537.36 (KHTML, like Gecko) Chrome/69.0.3497.100 Safari/537.36',
  'upgrade-insecure-requests' => '1',
  'cache-control' => 'max-age=0',
  'connection' => 'close',
  'host' => 'www.tpshop.com',
)
[ info ] [ PARAM ] array (
  '/admin/article/article_add_html' => '',
  'article_title' => '',
  'phone' => '',
  'email' => '',
)
[ info ] [ RUN ] app\admin\controller\Article->article_add[ E:\myphp_www\WWW\tpshop\app\admin\controller\Article.php ]
[ info ] [ VIEW ] E:\myphp_www\WWW\tpshop\public/../app/admin\view\article\article_add.html [ array (
) ]
[ info ] [ SESSION ] INIT array (
  'id' => '',
  'var_session_id' => '',
  'prefix' => 'think',
  'type' => '',
  'auto_start' => true,
)
[ info ] [ LOG ] INIT File
---------------------------------------------------------------
[ 2018-12-19T21:32:54+08:00 ] 127.0.0.1 GET /admin/article/article_add.html?article_title=&phone=&email=
[ info ] www.tpshop.com/admin/article/article_add.html?article_title=&phone=&email= [运行时间：0.050248s][吞吐率：19.90req/s] [内存消耗：1,467.38kb] [文件加载：43]
[ info ] [ LANG ] E:\myphp_www\WWW\tpshop\thinkphp\lang\zh-cn.php
[ info ] [ ROUTE ] array (
  'type' => 'module',
  'module' => 
  array (
    0 => 'admin',
    1 => 'article',
    2 => 'article_add',
  ),
)
[ info ] [ HEADER ] array (
  'cookie' => 'pgv_pvi=6427795456; pgv_si=s6016609280; PHPSESSID=8t5lsi7lhgce9cctsvd0v2vo57',
  'accept-language' => 'zh-CN,zh;q=0.9',
  'accept-encoding' => 'gzip, deflate',
  'referer' => 'http://www.tpshop.com/admin/article/article_add.html?article_title=&phone=&email=',
  'accept' => 'text/html,application/xhtml+xml,application/xml;q=0.9,image/webp,image/apng,*/*;q=0.8',
  'user-agent' => 'Mozilla/5.0 (Windows NT 10.0; Win64; x64) AppleWebKit/537.36 (KHTML, like Gecko) Chrome/69.0.3497.100 Safari/537.36',
  'upgrade-insecure-requests' => '1',
  'cache-control' => 'max-age=0',
  'connection' => 'close',
  'host' => 'www.tpshop.com',
)
[ info ] [ PARAM ] array (
  '/admin/article/article_add_html' => '',
  'article_title' => '',
  'phone' => '',
  'email' => '',
)
[ info ] [ RUN ] app\admin\controller\Article->article_add[ E:\myphp_www\WWW\tpshop\app\admin\controller\Article.php ]
[ info ] [ VIEW ] E:\myphp_www\WWW\tpshop\public/../app/admin\view\article\article_add.html [ array (
) ]
[ info ] [ SESSION ] INIT array (
  'id' => '',
  'var_session_id' => '',
  'prefix' => 'think',
  'type' => '',
  'auto_start' => true,
)
[ info ] [ LOG ] INIT File
---------------------------------------------------------------
[ 2018-12-19T21:33:34+08:00 ] 127.0.0.1 GET /admin/article/article_add.html?article_title=&phone=&email=
[ info ] www.tpshop.com/admin/article/article_add.html?article_title=&phone=&email= [运行时间：0.042642s][吞吐率：23.45req/s] [内存消耗：1,467.28kb] [文件加载：43]
[ info ] [ LANG ] E:\myphp_www\WWW\tpshop\thinkphp\lang\zh-cn.php
[ info ] [ ROUTE ] array (
  'type' => 'module',
  'module' => 
  array (
    0 => 'admin',
    1 => 'article',
    2 => 'article_add',
  ),
)
[ info ] [ HEADER ] array (
  'cookie' => 'pgv_pvi=6427795456; pgv_si=s6016609280; PHPSESSID=8t5lsi7lhgce9cctsvd0v2vo57',
  'accept-language' => 'zh-CN,zh;q=0.9',
  'accept-encoding' => 'gzip, deflate',
  'referer' => 'http://www.tpshop.com/admin/article/article_add.html?article_title=&phone=&email=',
  'accept' => 'text/html,application/xhtml+xml,application/xml;q=0.9,image/webp,image/apng,*/*;q=0.8',
  'user-agent' => 'Mozilla/5.0 (Windows NT 10.0; Win64; x64) AppleWebKit/537.36 (KHTML, like Gecko) Chrome/69.0.3497.100 Safari/537.36',
  'upgrade-insecure-requests' => '1',
  'cache-control' => 'max-age=0',
  'connection' => 'close',
  'host' => 'www.tpshop.com',
)
[ info ] [ PARAM ] array (
  '/admin/article/article_add_html' => '',
  'article_title' => '',
  'phone' => '',
  'email' => '',
)
[ info ] [ RUN ] app\admin\controller\Article->article_add[ E:\myphp_www\WWW\tpshop\app\admin\controller\Article.php ]
[ info ] [ VIEW ] E:\myphp_www\WWW\tpshop\public/../app/admin\view\article\article_add.html [ array (
) ]
[ info ] [ SESSION ] INIT array (
  'id' => '',
  'var_session_id' => '',
  'prefix' => 'think',
  'type' => '',
  'auto_start' => true,
)
[ info ] [ LOG ] INIT File
---------------------------------------------------------------
[ 2018-12-19T21:33:35+08:00 ] 127.0.0.1 GET /admin/article/article_add.html?article_title=&phone=&email=&article_thum=
[ info ] www.tpshop.com/admin/article/article_add.html?article_title=&phone=&email=&article_thum= [运行时间：0.036643s][吞吐率：27.29req/s] [内存消耗：1,327.15kb] [文件加载：41]
[ info ] [ LANG ] E:\myphp_www\WWW\tpshop\thinkphp\lang\zh-cn.php
[ info ] [ ROUTE ] array (
  'type' => 'module',
  'module' => 
  array (
    0 => 'admin',
    1 => 'article',
    2 => 'article_add',
  ),
)
[ info ] [ HEADER ] array (
  'cookie' => 'pgv_pvi=6427795456; pgv_si=s6016609280; PHPSESSID=8t5lsi7lhgce9cctsvd0v2vo57',
  'accept-language' => 'zh-CN,zh;q=0.9',
  'accept-encoding' => 'gzip, deflate',
  'referer' => 'http://www.tpshop.com/admin/article/article_add.html?article_title=&phone=&email=',
  'accept' => 'text/html,application/xhtml+xml,application/xml;q=0.9,image/webp,image/apng,*/*;q=0.8',
  'user-agent' => 'Mozilla/5.0 (Windows NT 10.0; Win64; x64) AppleWebKit/537.36 (KHTML, like Gecko) Chrome/69.0.3497.100 Safari/537.36',
  'upgrade-insecure-requests' => '1',
  'connection' => 'close',
  'host' => 'www.tpshop.com',
)
[ info ] [ PARAM ] array (
  '/admin/article/article_add_html' => '',
  'article_title' => '',
  'phone' => '',
  'email' => '',
  'article_thum' => '',
)
[ info ] [ RUN ] app\admin\controller\Article->article_add[ E:\myphp_www\WWW\tpshop\app\admin\controller\Article.php ]
[ info ] [ VIEW ] E:\myphp_www\WWW\tpshop\public/../app/admin\view\article\article_add.html [ array (
) ]
[ info ] [ SESSION ] INIT array (
  'id' => '',
  'var_session_id' => '',
  'prefix' => 'think',
  'type' => '',
  'auto_start' => true,
)
[ info ] [ LOG ] INIT File
---------------------------------------------------------------
[ 2018-12-19T21:33:37+08:00 ] 127.0.0.1 GET /admin/article/article_add.html?article_title=&phone=&email=&article_thum=
[ info ] www.tpshop.com/admin/article/article_add.html?article_title=&phone=&email=&article_thum= [运行时间：0.033224s][吞吐率：30.10req/s] [内存消耗：1,327.16kb] [文件加载：41]
[ info ] [ LANG ] E:\myphp_www\WWW\tpshop\thinkphp\lang\zh-cn.php
[ info ] [ ROUTE ] array (
  'type' => 'module',
  'module' => 
  array (
    0 => 'admin',
    1 => 'article',
    2 => 'article_add',
  ),
)
[ info ] [ HEADER ] array (
  'cookie' => 'pgv_pvi=6427795456; pgv_si=s6016609280; PHPSESSID=8t5lsi7lhgce9cctsvd0v2vo57',
  'accept-language' => 'zh-CN,zh;q=0.9',
  'accept-encoding' => 'gzip, deflate',
  'referer' => 'http://www.tpshop.com/admin/article/article_add.html?article_title=&phone=&email=&article_thum=',
  'accept' => 'text/html,application/xhtml+xml,application/xml;q=0.9,image/webp,image/apng,*/*;q=0.8',
  'user-agent' => 'Mozilla/5.0 (Windows NT 10.0; Win64; x64) AppleWebKit/537.36 (KHTML, like Gecko) Chrome/69.0.3497.100 Safari/537.36',
  'upgrade-insecure-requests' => '1',
  'connection' => 'close',
  'host' => 'www.tpshop.com',
)
[ info ] [ PARAM ] array (
  '/admin/article/article_add_html' => '',
  'article_title' => '',
  'phone' => '',
  'email' => '',
  'article_thum' => '',
)
[ info ] [ RUN ] app\admin\controller\Article->article_add[ E:\myphp_www\WWW\tpshop\app\admin\controller\Article.php ]
[ info ] [ VIEW ] E:\myphp_www\WWW\tpshop\public/../app/admin\view\article\article_add.html [ array (
) ]
[ info ] [ SESSION ] INIT array (
  'id' => '',
  'var_session_id' => '',
  'prefix' => 'think',
  'type' => '',
  'auto_start' => true,
)
[ info ] [ LOG ] INIT File
---------------------------------------------------------------
[ 2018-12-19T21:34:03+08:00 ] 127.0.0.1 GET /admin/article/article_add.html?article_title=&phone=&email=&article_thum=
[ info ] www.tpshop.com/admin/article/article_add.html?article_title=&phone=&email=&article_thum= [运行时间：0.052746s][吞吐率：18.96req/s] [内存消耗：1,467.30kb] [文件加载：43]
[ info ] [ LANG ] E:\myphp_www\WWW\tpshop\thinkphp\lang\zh-cn.php
[ info ] [ ROUTE ] array (
  'type' => 'module',
  'module' => 
  array (
    0 => 'admin',
    1 => 'article',
    2 => 'article_add',
  ),
)
[ info ] [ HEADER ] array (
  'cookie' => 'pgv_pvi=6427795456; pgv_si=s6016609280; PHPSESSID=8t5lsi7lhgce9cctsvd0v2vo57',
  'accept-language' => 'zh-CN,zh;q=0.9',
  'accept-encoding' => 'gzip, deflate',
  'referer' => 'http://www.tpshop.com/admin/article/article_add.html?article_title=&phone=&email=&article_thum=',
  'accept' => 'text/html,application/xhtml+xml,application/xml;q=0.9,image/webp,image/apng,*/*;q=0.8',
  'user-agent' => 'Mozilla/5.0 (Windows NT 10.0; Win64; x64) AppleWebKit/537.36 (KHTML, like Gecko) Chrome/69.0.3497.100 Safari/537.36',
  'upgrade-insecure-requests' => '1',
  'cache-control' => 'max-age=0',
  'connection' => 'close',
  'host' => 'www.tpshop.com',
)
[ info ] [ PARAM ] array (
  '/admin/article/article_add_html' => '',
  'article_title' => '',
  'phone' => '',
  'email' => '',
  'article_thum' => '',
)
[ info ] [ RUN ] app\admin\controller\Article->article_add[ E:\myphp_www\WWW\tpshop\app\admin\controller\Article.php ]
[ info ] [ VIEW ] E:\myphp_www\WWW\tpshop\public/../app/admin\view\article\article_add.html [ array (
) ]
[ info ] [ SESSION ] INIT array (
  'id' => '',
  'var_session_id' => '',
  'prefix' => 'think',
  'type' => '',
  'auto_start' => true,
)
[ info ] [ LOG ] INIT File
---------------------------------------------------------------
[ 2018-12-19T21:34:38+08:00 ] 127.0.0.1 GET /admin/article/article_add.html?article_title=&phone=&email=&article_thum=
[ info ] www.tpshop.com/admin/article/article_add.html?article_title=&phone=&email=&article_thum= [运行时间：0.042402s][吞吐率：23.58req/s] [内存消耗：1,327.76kb] [文件加载：41]
[ info ] [ LANG ] E:\myphp_www\WWW\tpshop\thinkphp\lang\zh-cn.php
[ info ] [ ROUTE ] array (
  'type' => 'module',
  'module' => 
  array (
    0 => 'admin',
    1 => 'article',
    2 => 'article_add',
  ),
)
[ info ] [ HEADER ] array (
  'cookie' => 'pgv_pvi=6427795456; pgv_si=s6016609280; PHPSESSID=8t5lsi7lhgce9cctsvd0v2vo57',
  'accept-language' => 'zh-CN,zh;q=0.9',
  'accept-encoding' => 'gzip, deflate',
  'referer' => 'http://www.tpshop.com/admin/article/article_add.html?article_title=&phone=&email=&article_thum=',
  'accept' => 'text/html,application/xhtml+xml,application/xml;q=0.9,image/webp,image/apng,*/*;q=0.8',
  'user-agent' => 'Mozilla/5.0 (Windows NT 10.0; Win64; x64) AppleWebKit/537.36 (KHTML, like Gecko) Chrome/69.0.3497.100 Safari/537.36',
  'upgrade-insecure-requests' => '1',
  'cache-control' => 'no-cache',
  'pragma' => 'no-cache',
  'connection' => 'close',
  'host' => 'www.tpshop.com',
)
[ info ] [ PARAM ] array (
  '/admin/article/article_add_html' => '',
  'article_title' => '',
  'phone' => '',
  'email' => '',
  'article_thum' => '',
)
[ info ] [ RUN ] app\admin\controller\Article->article_add[ E:\myphp_www\WWW\tpshop\app\admin\controller\Article.php ]
[ info ] [ VIEW ] E:\myphp_www\WWW\tpshop\public/../app/admin\view\article\article_add.html [ array (
) ]
[ info ] [ SESSION ] INIT array (
  'id' => '',
  'var_session_id' => '',
  'prefix' => 'think',
  'type' => '',
  'auto_start' => true,
)
[ info ] [ LOG ] INIT File
---------------------------------------------------------------
[ 2018-12-19T21:35:00+08:00 ] 127.0.0.1 GET /admin/article/article_add.html?article_title=&phone=&email=&article_thum=
[ info ] www.tpshop.com/admin/article/article_add.html?article_title=&phone=&email=&article_thum= [运行时间：0.049499s][吞吐率：20.20req/s] [内存消耗：1,467.65kb] [文件加载：43]
[ info ] [ LANG ] E:\myphp_www\WWW\tpshop\thinkphp\lang\zh-cn.php
[ info ] [ ROUTE ] array (
  'type' => 'module',
  'module' => 
  array (
    0 => 'admin',
    1 => 'article',
    2 => 'article_add',
  ),
)
[ info ] [ HEADER ] array (
  'cookie' => 'pgv_pvi=6427795456; pgv_si=s6016609280; PHPSESSID=8t5lsi7lhgce9cctsvd0v2vo57',
  'accept-language' => 'zh-CN,zh;q=0.9',
  'accept-encoding' => 'gzip, deflate',
  'referer' => 'http://www.tpshop.com/admin/article/article_add.html?article_title=&phone=&email=&article_thum=',
  'accept' => 'text/html,application/xhtml+xml,application/xml;q=0.9,image/webp,image/apng,*/*;q=0.8',
  'user-agent' => 'Mozilla/5.0 (Windows NT 10.0; Win64; x64) AppleWebKit/537.36 (KHTML, like Gecko) Chrome/69.0.3497.100 Safari/537.36',
  'upgrade-insecure-requests' => '1',
  'cache-control' => 'no-cache',
  'pragma' => 'no-cache',
  'connection' => 'close',
  'host' => 'www.tpshop.com',
)
[ info ] [ PARAM ] array (
  '/admin/article/article_add_html' => '',
  'article_title' => '',
  'phone' => '',
  'email' => '',
  'article_thum' => '',
)
[ info ] [ RUN ] app\admin\controller\Article->article_add[ E:\myphp_www\WWW\tpshop\app\admin\controller\Article.php ]
[ info ] [ VIEW ] E:\myphp_www\WWW\tpshop\public/../app/admin\view\article\article_add.html [ array (
) ]
[ info ] [ SESSION ] INIT array (
  'id' => '',
  'var_session_id' => '',
  'prefix' => 'think',
  'type' => '',
  'auto_start' => true,
)
[ info ] [ LOG ] INIT File
---------------------------------------------------------------
[ 2018-12-19T21:36:40+08:00 ] 127.0.0.1 GET /admin/article/article_add.html?article_title=&phone=&email=&article_thum=
[ info ] www.tpshop.com/admin/article/article_add.html?article_title=&phone=&email=&article_thum= [运行时间：0.056755s][吞吐率：17.62req/s] [内存消耗：1,467.59kb] [文件加载：43]
[ info ] [ LANG ] E:\myphp_www\WWW\tpshop\thinkphp\lang\zh-cn.php
[ info ] [ ROUTE ] array (
  'type' => 'module',
  'module' => 
  array (
    0 => 'admin',
    1 => 'article',
    2 => 'article_add',
  ),
)
[ info ] [ HEADER ] array (
  'cookie' => 'pgv_pvi=6427795456; pgv_si=s6016609280; PHPSESSID=8t5lsi7lhgce9cctsvd0v2vo57',
  'accept-language' => 'zh-CN,zh;q=0.9',
  'accept-encoding' => 'gzip, deflate',
  'referer' => 'http://www.tpshop.com/admin/article/article_add.html?article_title=&phone=&email=&article_thum=',
  'accept' => 'text/html,application/xhtml+xml,application/xml;q=0.9,image/webp,image/apng,*/*;q=0.8',
  'user-agent' => 'Mozilla/5.0 (Windows NT 10.0; Win64; x64) AppleWebKit/537.36 (KHTML, like Gecko) Chrome/69.0.3497.100 Safari/537.36',
  'upgrade-insecure-requests' => '1',
  'cache-control' => 'no-cache',
  'pragma' => 'no-cache',
  'connection' => 'close',
  'host' => 'www.tpshop.com',
)
[ info ] [ PARAM ] array (
  '/admin/article/article_add_html' => '',
  'article_title' => '',
  'phone' => '',
  'email' => '',
  'article_thum' => '',
)
[ info ] [ RUN ] app\admin\controller\Article->article_add[ E:\myphp_www\WWW\tpshop\app\admin\controller\Article.php ]
[ info ] [ VIEW ] E:\myphp_www\WWW\tpshop\public/../app/admin\view\article\article_add.html [ array (
) ]
[ info ] [ SESSION ] INIT array (
  'id' => '',
  'var_session_id' => '',
  'prefix' => 'think',
  'type' => '',
  'auto_start' => true,
)
[ info ] [ LOG ] INIT File
---------------------------------------------------------------
[ 2018-12-19T21:36:59+08:00 ] 127.0.0.1 GET /admin/article/article_add.html?article_title=&phone=&email=&article_thum=
[ info ] www.tpshop.com/admin/article/article_add.html?article_title=&phone=&email=&article_thum= [运行时间：0.097957s][吞吐率：10.21req/s] [内存消耗：1,467.61kb] [文件加载：43]
[ info ] [ LANG ] E:\myphp_www\WWW\tpshop\thinkphp\lang\zh-cn.php
[ info ] [ ROUTE ] array (
  'type' => 'module',
  'module' => 
  array (
    0 => 'admin',
    1 => 'article',
    2 => 'article_add',
  ),
)
[ info ] [ HEADER ] array (
  'cookie' => 'pgv_pvi=6427795456; pgv_si=s6016609280; PHPSESSID=8t5lsi7lhgce9cctsvd0v2vo57',
  'accept-language' => 'zh-CN,zh;q=0.9',
  'accept-encoding' => 'gzip, deflate',
  'referer' => 'http://www.tpshop.com/admin/article/article_add.html?article_title=&phone=&email=&article_thum=',
  'accept' => 'text/html,application/xhtml+xml,application/xml;q=0.9,image/webp,image/apng,*/*;q=0.8',
  'user-agent' => 'Mozilla/5.0 (Windows NT 10.0; Win64; x64) AppleWebKit/537.36 (KHTML, like Gecko) Chrome/69.0.3497.100 Safari/537.36',
  'upgrade-insecure-requests' => '1',
  'cache-control' => 'no-cache',
  'pragma' => 'no-cache',
  'connection' => 'close',
  'host' => 'www.tpshop.com',
)
[ info ] [ PARAM ] array (
  '/admin/article/article_add_html' => '',
  'article_title' => '',
  'phone' => '',
  'email' => '',
  'article_thum' => '',
)
[ info ] [ RUN ] app\admin\controller\Article->article_add[ E:\myphp_www\WWW\tpshop\app\admin\controller\Article.php ]
[ info ] [ VIEW ] E:\myphp_www\WWW\tpshop\public/../app/admin\view\article\article_add.html [ array (
) ]
[ info ] [ SESSION ] INIT array (
  'id' => '',
  'var_session_id' => '',
  'prefix' => 'think',
  'type' => '',
  'auto_start' => true,
)
[ info ] [ LOG ] INIT File
---------------------------------------------------------------
[ 2018-12-19T21:37:22+08:00 ] 127.0.0.1 GET /admin/article/article_add.html?article_title=&phone=&email=&article_thum=
[ info ] www.tpshop.com/admin/article/article_add.html?article_title=&phone=&email=&article_thum= [运行时间：0.047995s][吞吐率：20.84req/s] [内存消耗：1,467.55kb] [文件加载：43]
[ info ] [ LANG ] E:\myphp_www\WWW\tpshop\thinkphp\lang\zh-cn.php
[ info ] [ ROUTE ] array (
  'type' => 'module',
  'module' => 
  array (
    0 => 'admin',
    1 => 'article',
    2 => 'article_add',
  ),
)
[ info ] [ HEADER ] array (
  'cookie' => 'pgv_pvi=6427795456; pgv_si=s6016609280; PHPSESSID=8t5lsi7lhgce9cctsvd0v2vo57',
  'accept-language' => 'zh-CN,zh;q=0.9',
  'accept-encoding' => 'gzip, deflate',
  'referer' => 'http://www.tpshop.com/admin/article/article_add.html?article_title=&phone=&email=&article_thum=',
  'accept' => 'text/html,application/xhtml+xml,application/xml;q=0.9,image/webp,image/apng,*/*;q=0.8',
  'user-agent' => 'Mozilla/5.0 (Windows NT 10.0; Win64; x64) AppleWebKit/537.36 (KHTML, like Gecko) Chrome/69.0.3497.100 Safari/537.36',
  'upgrade-insecure-requests' => '1',
  'cache-control' => 'no-cache',
  'pragma' => 'no-cache',
  'connection' => 'close',
  'host' => 'www.tpshop.com',
)
[ info ] [ PARAM ] array (
  '/admin/article/article_add_html' => '',
  'article_title' => '',
  'phone' => '',
  'email' => '',
  'article_thum' => '',
)
[ info ] [ RUN ] app\admin\controller\Article->article_add[ E:\myphp_www\WWW\tpshop\app\admin\controller\Article.php ]
[ info ] [ VIEW ] E:\myphp_www\WWW\tpshop\public/../app/admin\view\article\article_add.html [ array (
) ]
[ info ] [ SESSION ] INIT array (
  'id' => '',
  'var_session_id' => '',
  'prefix' => 'think',
  'type' => '',
  'auto_start' => true,
)
[ info ] [ LOG ] INIT File
---------------------------------------------------------------
[ 2018-12-19T21:38:28+08:00 ] 127.0.0.1 GET /admin/article/article_add.html?article_title=&phone=&email=&article_thum=
[ info ] www.tpshop.com/admin/article/article_add.html?article_title=&phone=&email=&article_thum= [运行时间：0.047740s][吞吐率：20.95req/s] [内存消耗：1,467.50kb] [文件加载：43]
[ info ] [ LANG ] E:\myphp_www\WWW\tpshop\thinkphp\lang\zh-cn.php
[ info ] [ ROUTE ] array (
  'type' => 'module',
  'module' => 
  array (
    0 => 'admin',
    1 => 'article',
    2 => 'article_add',
  ),
)
[ info ] [ HEADER ] array (
  'cookie' => 'pgv_pvi=6427795456; pgv_si=s6016609280; PHPSESSID=8t5lsi7lhgce9cctsvd0v2vo57',
  'accept-language' => 'zh-CN,zh;q=0.9',
  'accept-encoding' => 'gzip, deflate',
  'referer' => 'http://www.tpshop.com/admin/article/article_add.html?article_title=&phone=&email=&article_thum=',
  'accept' => 'text/html,application/xhtml+xml,application/xml;q=0.9,image/webp,image/apng,*/*;q=0.8',
  'user-agent' => 'Mozilla/5.0 (Windows NT 10.0; Win64; x64) AppleWebKit/537.36 (KHTML, like Gecko) Chrome/69.0.3497.100 Safari/537.36',
  'upgrade-insecure-requests' => '1',
  'cache-control' => 'no-cache',
  'pragma' => 'no-cache',
  'connection' => 'close',
  'host' => 'www.tpshop.com',
)
[ info ] [ PARAM ] array (
  '/admin/article/article_add_html' => '',
  'article_title' => '',
  'phone' => '',
  'email' => '',
  'article_thum' => '',
)
[ info ] [ RUN ] app\admin\controller\Article->article_add[ E:\myphp_www\WWW\tpshop\app\admin\controller\Article.php ]
[ info ] [ VIEW ] E:\myphp_www\WWW\tpshop\public/../app/admin\view\article\article_add.html [ array (
) ]
[ info ] [ SESSION ] INIT array (
  'id' => '',
  'var_session_id' => '',
  'prefix' => 'think',
  'type' => '',
  'auto_start' => true,
)
[ info ] [ LOG ] INIT File
---------------------------------------------------------------
[ 2018-12-19T21:39:18+08:00 ] 127.0.0.1 GET /admin/article/article_add.html?article_title=&phone=&email=&article_thum=
[ info ] www.tpshop.com/admin/article/article_add.html?article_title=&phone=&email=&article_thum= [运行时间：0.054808s][吞吐率：18.25req/s] [内存消耗：1,467.52kb] [文件加载：43]
[ info ] [ LANG ] E:\myphp_www\WWW\tpshop\thinkphp\lang\zh-cn.php
[ info ] [ ROUTE ] array (
  'type' => 'module',
  'module' => 
  array (
    0 => 'admin',
    1 => 'article',
    2 => 'article_add',
  ),
)
[ info ] [ HEADER ] array (
  'cookie' => 'pgv_pvi=6427795456; pgv_si=s6016609280; PHPSESSID=8t5lsi7lhgce9cctsvd0v2vo57',
  'accept-language' => 'zh-CN,zh;q=0.9',
  'accept-encoding' => 'gzip, deflate',
  'referer' => 'http://www.tpshop.com/admin/article/article_add.html?article_title=&phone=&email=&article_thum=',
  'accept' => 'text/html,application/xhtml+xml,application/xml;q=0.9,image/webp,image/apng,*/*;q=0.8',
  'user-agent' => 'Mozilla/5.0 (Windows NT 10.0; Win64; x64) AppleWebKit/537.36 (KHTML, like Gecko) Chrome/69.0.3497.100 Safari/537.36',
  'upgrade-insecure-requests' => '1',
  'cache-control' => 'no-cache',
  'pragma' => 'no-cache',
  'connection' => 'close',
  'host' => 'www.tpshop.com',
)
[ info ] [ PARAM ] array (
  '/admin/article/article_add_html' => '',
  'article_title' => '',
  'phone' => '',
  'email' => '',
  'article_thum' => '',
)
[ info ] [ RUN ] app\admin\controller\Article->article_add[ E:\myphp_www\WWW\tpshop\app\admin\controller\Article.php ]
[ info ] [ VIEW ] E:\myphp_www\WWW\tpshop\public/../app/admin\view\article\article_add.html [ array (
) ]
[ info ] [ SESSION ] INIT array (
  'id' => '',
  'var_session_id' => '',
  'prefix' => 'think',
  'type' => '',
  'auto_start' => true,
)
[ info ] [ LOG ] INIT File
---------------------------------------------------------------
[ 2018-12-19T21:39:41+08:00 ] 127.0.0.1 GET /admin/article/article_add.html?article_title=&phone=&email=&article_thum=
[ info ] www.tpshop.com/admin/article/article_add.html?article_title=&phone=&email=&article_thum= [运行时间：0.043704s][吞吐率：22.88req/s] [内存消耗：1,467.77kb] [文件加载：43]
[ info ] [ LANG ] E:\myphp_www\WWW\tpshop\thinkphp\lang\zh-cn.php
[ info ] [ ROUTE ] array (
  'type' => 'module',
  'module' => 
  array (
    0 => 'admin',
    1 => 'article',
    2 => 'article_add',
  ),
)
[ info ] [ HEADER ] array (
  'cookie' => 'pgv_pvi=6427795456; pgv_si=s6016609280; PHPSESSID=8t5lsi7lhgce9cctsvd0v2vo57',
  'accept-language' => 'zh-CN,zh;q=0.9',
  'accept-encoding' => 'gzip, deflate',
  'referer' => 'http://www.tpshop.com/admin/article/article_add.html?article_title=&phone=&email=&article_thum=',
  'accept' => 'text/html,application/xhtml+xml,application/xml;q=0.9,image/webp,image/apng,*/*;q=0.8',
  'user-agent' => 'Mozilla/5.0 (Windows NT 10.0; Win64; x64) AppleWebKit/537.36 (KHTML, like Gecko) Chrome/69.0.3497.100 Safari/537.36',
  'upgrade-insecure-requests' => '1',
  'cache-control' => 'no-cache',
  'pragma' => 'no-cache',
  'connection' => 'close',
  'host' => 'www.tpshop.com',
)
[ info ] [ PARAM ] array (
  '/admin/article/article_add_html' => '',
  'article_title' => '',
  'phone' => '',
  'email' => '',
  'article_thum' => '',
)
[ info ] [ RUN ] app\admin\controller\Article->article_add[ E:\myphp_www\WWW\tpshop\app\admin\controller\Article.php ]
[ info ] [ VIEW ] E:\myphp_www\WWW\tpshop\public/../app/admin\view\article\article_add.html [ array (
) ]
[ info ] [ SESSION ] INIT array (
  'id' => '',
  'var_session_id' => '',
  'prefix' => 'think',
  'type' => '',
  'auto_start' => true,
)
[ info ] [ LOG ] INIT File
---------------------------------------------------------------
[ 2018-12-19T21:41:10+08:00 ] 127.0.0.1 GET /admin/article/article_add.html?article_title=&phone=&email=&article_thum=
[ info ] www.tpshop.com/admin/article/article_add.html?article_title=&phone=&email=&article_thum= [运行时间：0.104571s][吞吐率：9.56req/s] [内存消耗：1,467.91kb] [文件加载：43]
[ info ] [ LANG ] E:\myphp_www\WWW\tpshop\thinkphp\lang\zh-cn.php
[ info ] [ ROUTE ] array (
  'type' => 'module',
  'module' => 
  array (
    0 => 'admin',
    1 => 'article',
    2 => 'article_add',
  ),
)
[ info ] [ HEADER ] array (
  'cookie' => 'pgv_pvi=6427795456; pgv_si=s6016609280; PHPSESSID=8t5lsi7lhgce9cctsvd0v2vo57',
  'accept-language' => 'zh-CN,zh;q=0.9',
  'accept-encoding' => 'gzip, deflate',
  'referer' => 'http://www.tpshop.com/admin/article/article_add.html?article_title=&phone=&email=&article_thum=',
  'accept' => 'text/html,application/xhtml+xml,application/xml;q=0.9,image/webp,image/apng,*/*;q=0.8',
  'user-agent' => 'Mozilla/5.0 (Windows NT 10.0; Win64; x64) AppleWebKit/537.36 (KHTML, like Gecko) Chrome/69.0.3497.100 Safari/537.36',
  'upgrade-insecure-requests' => '1',
  'cache-control' => 'no-cache',
  'pragma' => 'no-cache',
  'connection' => 'close',
  'host' => 'www.tpshop.com',
)
[ info ] [ PARAM ] array (
  '/admin/article/article_add_html' => '',
  'article_title' => '',
  'phone' => '',
  'email' => '',
  'article_thum' => '',
)
[ info ] [ RUN ] app\admin\controller\Article->article_add[ E:\myphp_www\WWW\tpshop\app\admin\controller\Article.php ]
[ info ] [ VIEW ] E:\myphp_www\WWW\tpshop\public/../app/admin\view\article\article_add.html [ array (
) ]
[ info ] [ SESSION ] INIT array (
  'id' => '',
  'var_session_id' => '',
  'prefix' => 'think',
  'type' => '',
  'auto_start' => true,
)
[ info ] [ LOG ] INIT File
---------------------------------------------------------------
[ 2018-12-19T21:42:01+08:00 ] 127.0.0.1 GET /admin/article/article_add.html?article_title=&phone=&email=&article_thum=
[ info ] www.tpshop.com/admin/article/article_add.html?article_title=&phone=&email=&article_thum= [运行时间：0.066485s][吞吐率：15.04req/s] [内存消耗：1,467.92kb] [文件加载：43]
[ info ] [ LANG ] E:\myphp_www\WWW\tpshop\thinkphp\lang\zh-cn.php
[ info ] [ ROUTE ] array (
  'type' => 'module',
  'module' => 
  array (
    0 => 'admin',
    1 => 'article',
    2 => 'article_add',
  ),
)
[ info ] [ HEADER ] array (
  'cookie' => 'pgv_pvi=6427795456; pgv_si=s6016609280; PHPSESSID=8t5lsi7lhgce9cctsvd0v2vo57',
  'accept-language' => 'zh-CN,zh;q=0.9',
  'accept-encoding' => 'gzip, deflate',
  'referer' => 'http://www.tpshop.com/admin/article/article_add.html?article_title=&phone=&email=&article_thum=',
  'accept' => 'text/html,application/xhtml+xml,application/xml;q=0.9,image/webp,image/apng,*/*;q=0.8',
  'user-agent' => 'Mozilla/5.0 (Windows NT 10.0; Win64; x64) AppleWebKit/537.36 (KHTML, like Gecko) Chrome/69.0.3497.100 Safari/537.36',
  'upgrade-insecure-requests' => '1',
  'cache-control' => 'no-cache',
  'pragma' => 'no-cache',
  'connection' => 'close',
  'host' => 'www.tpshop.com',
)
[ info ] [ PARAM ] array (
  '/admin/article/article_add_html' => '',
  'article_title' => '',
  'phone' => '',
  'email' => '',
  'article_thum' => '',
)
[ info ] [ RUN ] app\admin\controller\Article->article_add[ E:\myphp_www\WWW\tpshop\app\admin\controller\Article.php ]
[ info ] [ VIEW ] E:\myphp_www\WWW\tpshop\public/../app/admin\view\article\article_add.html [ array (
) ]
[ info ] [ SESSION ] INIT array (
  'id' => '',
  'var_session_id' => '',
  'prefix' => 'think',
  'type' => '',
  'auto_start' => true,
)
[ info ] [ LOG ] INIT File
---------------------------------------------------------------
[ 2018-12-19T21:42:52+08:00 ] 127.0.0.1 GET /admin/article/article_add.html?article_title=&phone=&email=&article_thum=
[ info ] www.tpshop.com/admin/article/article_add.html?article_title=&phone=&email=&article_thum= [运行时间：0.040272s][吞吐率：24.83req/s] [内存消耗：1,467.62kb] [文件加载：43]
[ info ] [ LANG ] E:\myphp_www\WWW\tpshop\thinkphp\lang\zh-cn.php
[ info ] [ ROUTE ] array (
  'type' => 'module',
  'module' => 
  array (
    0 => 'admin',
    1 => 'article',
    2 => 'article_add',
  ),
)
[ info ] [ HEADER ] array (
  'cookie' => 'pgv_pvi=6427795456; pgv_si=s6016609280; PHPSESSID=8t5lsi7lhgce9cctsvd0v2vo57',
  'accept-language' => 'zh-CN,zh;q=0.9',
  'accept-encoding' => 'gzip, deflate',
  'referer' => 'http://www.tpshop.com/admin/article/article_add.html?article_title=&phone=&email=&article_thum=',
  'accept' => 'text/html,application/xhtml+xml,application/xml;q=0.9,image/webp,image/apng,*/*;q=0.8',
  'user-agent' => 'Mozilla/5.0 (Windows NT 10.0; Win64; x64) AppleWebKit/537.36 (KHTML, like Gecko) Chrome/69.0.3497.100 Safari/537.36',
  'upgrade-insecure-requests' => '1',
  'cache-control' => 'no-cache',
  'pragma' => 'no-cache',
  'connection' => 'close',
  'host' => 'www.tpshop.com',
)
[ info ] [ PARAM ] array (
  '/admin/article/article_add_html' => '',
  'article_title' => '',
  'phone' => '',
  'email' => '',
  'article_thum' => '',
)
[ info ] [ RUN ] app\admin\controller\Article->article_add[ E:\myphp_www\WWW\tpshop\app\admin\controller\Article.php ]
[ info ] [ VIEW ] E:\myphp_www\WWW\tpshop\public/../app/admin\view\article\article_add.html [ array (
) ]
[ info ] [ SESSION ] INIT array (
  'id' => '',
  'var_session_id' => '',
  'prefix' => 'think',
  'type' => '',
  'auto_start' => true,
)
[ info ] [ LOG ] INIT File
---------------------------------------------------------------
[ 2018-12-19T21:43:17+08:00 ] 127.0.0.1 GET /admin/article/article_add.html?article_title=&phone=&email=&article_thum=
[ info ] www.tpshop.com/admin/article/article_add.html?article_title=&phone=&email=&article_thum= [运行时间：0.042650s][吞吐率：23.45req/s] [内存消耗：1,467.92kb] [文件加载：43]
[ info ] [ LANG ] E:\myphp_www\WWW\tpshop\thinkphp\lang\zh-cn.php
[ info ] [ ROUTE ] array (
  'type' => 'module',
  'module' => 
  array (
    0 => 'admin',
    1 => 'article',
    2 => 'article_add',
  ),
)
[ info ] [ HEADER ] array (
  'cookie' => 'pgv_pvi=6427795456; pgv_si=s6016609280; PHPSESSID=8t5lsi7lhgce9cctsvd0v2vo57',
  'accept-language' => 'zh-CN,zh;q=0.9',
  'accept-encoding' => 'gzip, deflate',
  'referer' => 'http://www.tpshop.com/admin/article/article_add.html?article_title=&phone=&email=&article_thum=',
  'accept' => 'text/html,application/xhtml+xml,application/xml;q=0.9,image/webp,image/apng,*/*;q=0.8',
  'user-agent' => 'Mozilla/5.0 (Windows NT 10.0; Win64; x64) AppleWebKit/537.36 (KHTML, like Gecko) Chrome/69.0.3497.100 Safari/537.36',
  'upgrade-insecure-requests' => '1',
  'cache-control' => 'no-cache',
  'pragma' => 'no-cache',
  'connection' => 'close',
  'host' => 'www.tpshop.com',
)
[ info ] [ PARAM ] array (
  '/admin/article/article_add_html' => '',
  'article_title' => '',
  'phone' => '',
  'email' => '',
  'article_thum' => '',
)
[ info ] [ RUN ] app\admin\controller\Article->article_add[ E:\myphp_www\WWW\tpshop\app\admin\controller\Article.php ]
[ info ] [ VIEW ] E:\myphp_www\WWW\tpshop\public/../app/admin\view\article\article_add.html [ array (
) ]
[ info ] [ SESSION ] INIT array (
  'id' => '',
  'var_session_id' => '',
  'prefix' => 'think',
  'type' => '',
  'auto_start' => true,
)
[ info ] [ LOG ] INIT File
---------------------------------------------------------------
[ 2018-12-19T21:44:32+08:00 ] 127.0.0.1 GET /admin/article/article_add.html?article_title=&phone=&email=&article_thum=
[ info ] www.tpshop.com/admin/article/article_add.html?article_title=&phone=&email=&article_thum= [运行时间：0.056412s][吞吐率：17.73req/s] [内存消耗：1,468.70kb] [文件加载：43]
[ info ] [ LANG ] E:\myphp_www\WWW\tpshop\thinkphp\lang\zh-cn.php
[ info ] [ ROUTE ] array (
  'type' => 'module',
  'module' => 
  array (
    0 => 'admin',
    1 => 'article',
    2 => 'article_add',
  ),
)
[ info ] [ HEADER ] array (
  'cookie' => 'pgv_pvi=6427795456; pgv_si=s6016609280; PHPSESSID=8t5lsi7lhgce9cctsvd0v2vo57',
  'accept-language' => 'zh-CN,zh;q=0.9',
  'accept-encoding' => 'gzip, deflate',
  'referer' => 'http://www.tpshop.com/admin/article/article_add.html?article_title=&phone=&email=&article_thum=',
  'accept' => 'text/html,application/xhtml+xml,application/xml;q=0.9,image/webp,image/apng,*/*;q=0.8',
  'user-agent' => 'Mozilla/5.0 (Windows NT 10.0; Win64; x64) AppleWebKit/537.36 (KHTML, like Gecko) Chrome/69.0.3497.100 Safari/537.36',
  'upgrade-insecure-requests' => '1',
  'cache-control' => 'no-cache',
  'pragma' => 'no-cache',
  'connection' => 'close',
  'host' => 'www.tpshop.com',
)
[ info ] [ PARAM ] array (
  '/admin/article/article_add_html' => '',
  'article_title' => '',
  'phone' => '',
  'email' => '',
  'article_thum' => '',
)
[ info ] [ RUN ] app\admin\controller\Article->article_add[ E:\myphp_www\WWW\tpshop\app\admin\controller\Article.php ]
[ info ] [ VIEW ] E:\myphp_www\WWW\tpshop\public/../app/admin\view\article\article_add.html [ array (
) ]
[ info ] [ SESSION ] INIT array (
  'id' => '',
  'var_session_id' => '',
  'prefix' => 'think',
  'type' => '',
  'auto_start' => true,
)
[ info ] [ LOG ] INIT File
---------------------------------------------------------------
[ 2018-12-19T21:45:10+08:00 ] 127.0.0.1 GET /admin/article/article_add.html?article_title=&phone=&email=&article_thum=
[ info ] www.tpshop.com/admin/article/article_add.html?article_title=&phone=&email=&article_thum= [运行时间：0.056588s][吞吐率：17.67req/s] [内存消耗：1,468.56kb] [文件加载：43]
[ info ] [ LANG ] E:\myphp_www\WWW\tpshop\thinkphp\lang\zh-cn.php
[ info ] [ ROUTE ] array (
  'type' => 'module',
  'module' => 
  array (
    0 => 'admin',
    1 => 'article',
    2 => 'article_add',
  ),
)
[ info ] [ HEADER ] array (
  'cookie' => 'pgv_pvi=6427795456; pgv_si=s6016609280; PHPSESSID=8t5lsi7lhgce9cctsvd0v2vo57',
  'accept-language' => 'zh-CN,zh;q=0.9',
  'accept-encoding' => 'gzip, deflate',
  'referer' => 'http://www.tpshop.com/admin/article/article_add.html?article_title=&phone=&email=&article_thum=',
  'accept' => 'text/html,application/xhtml+xml,application/xml;q=0.9,image/webp,image/apng,*/*;q=0.8',
  'user-agent' => 'Mozilla/5.0 (Windows NT 10.0; Win64; x64) AppleWebKit/537.36 (KHTML, like Gecko) Chrome/69.0.3497.100 Safari/537.36',
  'upgrade-insecure-requests' => '1',
  'cache-control' => 'no-cache',
  'pragma' => 'no-cache',
  'connection' => 'close',
  'host' => 'www.tpshop.com',
)
[ info ] [ PARAM ] array (
  '/admin/article/article_add_html' => '',
  'article_title' => '',
  'phone' => '',
  'email' => '',
  'article_thum' => '',
)
[ info ] [ RUN ] app\admin\controller\Article->article_add[ E:\myphp_www\WWW\tpshop\app\admin\controller\Article.php ]
[ info ] [ VIEW ] E:\myphp_www\WWW\tpshop\public/../app/admin\view\article\article_add.html [ array (
) ]
[ info ] [ SESSION ] INIT array (
  'id' => '',
  'var_session_id' => '',
  'prefix' => 'think',
  'type' => '',
  'auto_start' => true,
)
[ info ] [ LOG ] INIT File
---------------------------------------------------------------
[ 2018-12-19T21:45:18+08:00 ] 127.0.0.1 GET /admin/article/article_add.html?article_title=&phone=&email=&article_thum=
[ info ] www.tpshop.com/admin/article/article_add.html?article_title=&phone=&email=&article_thum= [运行时间：0.038074s][吞吐率：26.26req/s] [内存消耗：1,468.73kb] [文件加载：43]
[ info ] [ LANG ] E:\myphp_www\WWW\tpshop\thinkphp\lang\zh-cn.php
[ info ] [ ROUTE ] array (
  'type' => 'module',
  'module' => 
  array (
    0 => 'admin',
    1 => 'article',
    2 => 'article_add',
  ),
)
[ info ] [ HEADER ] array (
  'cookie' => 'pgv_pvi=6427795456; pgv_si=s6016609280; PHPSESSID=8t5lsi7lhgce9cctsvd0v2vo57',
  'accept-language' => 'zh-CN,zh;q=0.9',
  'accept-encoding' => 'gzip, deflate',
  'referer' => 'http://www.tpshop.com/admin/article/article_add.html?article_title=&phone=&email=&article_thum=',
  'accept' => 'text/html,application/xhtml+xml,application/xml;q=0.9,image/webp,image/apng,*/*;q=0.8',
  'user-agent' => 'Mozilla/5.0 (Windows NT 10.0; Win64; x64) AppleWebKit/537.36 (KHTML, like Gecko) Chrome/69.0.3497.100 Safari/537.36',
  'upgrade-insecure-requests' => '1',
  'cache-control' => 'no-cache',
  'pragma' => 'no-cache',
  'connection' => 'close',
  'host' => 'www.tpshop.com',
)
[ info ] [ PARAM ] array (
  '/admin/article/article_add_html' => '',
  'article_title' => '',
  'phone' => '',
  'email' => '',
  'article_thum' => '',
)
[ info ] [ RUN ] app\admin\controller\Article->article_add[ E:\myphp_www\WWW\tpshop\app\admin\controller\Article.php ]
[ info ] [ VIEW ] E:\myphp_www\WWW\tpshop\public/../app/admin\view\article\article_add.html [ array (
) ]
[ info ] [ SESSION ] INIT array (
  'id' => '',
  'var_session_id' => '',
  'prefix' => 'think',
  'type' => '',
  'auto_start' => true,
)
[ info ] [ LOG ] INIT File
---------------------------------------------------------------
[ 2018-12-19T21:47:22+08:00 ] 127.0.0.1 GET /admin/article/article_add.html?article_title=&phone=&email=&article_thum=
[ info ] www.tpshop.com/admin/article/article_add.html?article_title=&phone=&email=&article_thum= [运行时间：0.049649s][吞吐率：20.14req/s] [内存消耗：1,468.82kb] [文件加载：43]
[ info ] [ LANG ] E:\myphp_www\WWW\tpshop\thinkphp\lang\zh-cn.php
[ info ] [ ROUTE ] array (
  'type' => 'module',
  'module' => 
  array (
    0 => 'admin',
    1 => 'article',
    2 => 'article_add',
  ),
)
[ info ] [ HEADER ] array (
  'cookie' => 'pgv_pvi=6427795456; pgv_si=s6016609280; PHPSESSID=8t5lsi7lhgce9cctsvd0v2vo57',
  'accept-language' => 'zh-CN,zh;q=0.9',
  'accept-encoding' => 'gzip, deflate',
  'referer' => 'http://www.tpshop.com/admin/article/article_add.html?article_title=&phone=&email=&article_thum=',
  'accept' => 'text/html,application/xhtml+xml,application/xml;q=0.9,image/webp,image/apng,*/*;q=0.8',
  'user-agent' => 'Mozilla/5.0 (Windows NT 10.0; Win64; x64) AppleWebKit/537.36 (KHTML, like Gecko) Chrome/69.0.3497.100 Safari/537.36',
  'upgrade-insecure-requests' => '1',
  'cache-control' => 'no-cache',
  'pragma' => 'no-cache',
  'connection' => 'close',
  'host' => 'www.tpshop.com',
)
[ info ] [ PARAM ] array (
  '/admin/article/article_add_html' => '',
  'article_title' => '',
  'phone' => '',
  'email' => '',
  'article_thum' => '',
)
[ info ] [ RUN ] app\admin\controller\Article->article_add[ E:\myphp_www\WWW\tpshop\app\admin\controller\Article.php ]
[ info ] [ VIEW ] E:\myphp_www\WWW\tpshop\public/../app/admin\view\article\article_add.html [ array (
) ]
[ info ] [ SESSION ] INIT array (
  'id' => '',
  'var_session_id' => '',
  'prefix' => 'think',
  'type' => '',
  'auto_start' => true,
)
[ info ] [ LOG ] INIT File
---------------------------------------------------------------
[ 2018-12-19T21:47:22+08:00 ] 127.0.0.1 GET /admin/article/article_add.html?article_title=&phone=&email=&article_thum=
[ info ] www.tpshop.com/admin/article/article_add.html?article_title=&phone=&email=&article_thum= [运行时间：0.045268s][吞吐率：22.09req/s] [内存消耗：1,327.75kb] [文件加载：41]
[ info ] [ LANG ] E:\myphp_www\WWW\tpshop\thinkphp\lang\zh-cn.php
[ info ] [ ROUTE ] array (
  'type' => 'module',
  'module' => 
  array (
    0 => 'admin',
    1 => 'article',
    2 => 'article_add',
  ),
)
[ info ] [ HEADER ] array (
  'cookie' => 'pgv_pvi=6427795456; pgv_si=s6016609280; PHPSESSID=8t5lsi7lhgce9cctsvd0v2vo57',
  'accept-language' => 'zh-CN,zh;q=0.9',
  'accept-encoding' => 'gzip, deflate',
  'referer' => 'http://www.tpshop.com/admin/article/article_add.html?article_title=&phone=&email=&article_thum=',
  'accept' => 'text/html,application/xhtml+xml,application/xml;q=0.9,image/webp,image/apng,*/*;q=0.8',
  'user-agent' => 'Mozilla/5.0 (Windows NT 10.0; Win64; x64) AppleWebKit/537.36 (KHTML, like Gecko) Chrome/69.0.3497.100 Safari/537.36',
  'upgrade-insecure-requests' => '1',
  'cache-control' => 'no-cache',
  'pragma' => 'no-cache',
  'connection' => 'close',
  'host' => 'www.tpshop.com',
)
[ info ] [ PARAM ] array (
  '/admin/article/article_add_html' => '',
  'article_title' => '',
  'phone' => '',
  'email' => '',
  'article_thum' => '',
)
[ info ] [ RUN ] app\admin\controller\Article->article_add[ E:\myphp_www\WWW\tpshop\app\admin\controller\Article.php ]
[ info ] [ VIEW ] E:\myphp_www\WWW\tpshop\public/../app/admin\view\article\article_add.html [ array (
) ]
[ info ] [ SESSION ] INIT array (
  'id' => '',
  'var_session_id' => '',
  'prefix' => 'think',
  'type' => '',
  'auto_start' => true,
)
[ info ] [ LOG ] INIT File
---------------------------------------------------------------
[ 2018-12-19T21:47:22+08:00 ] 127.0.0.1 GET /admin/article/article_add.html?article_title=&phone=&email=&article_thum=
[ info ] www.tpshop.com/admin/article/article_add.html?article_title=&phone=&email=&article_thum= [运行时间：0.029812s][吞吐率：33.54req/s] [内存消耗：1,327.75kb] [文件加载：41]
[ info ] [ LANG ] E:\myphp_www\WWW\tpshop\thinkphp\lang\zh-cn.php
[ info ] [ ROUTE ] array (
  'type' => 'module',
  'module' => 
  array (
    0 => 'admin',
    1 => 'article',
    2 => 'article_add',
  ),
)
[ info ] [ HEADER ] array (
  'cookie' => 'pgv_pvi=6427795456; pgv_si=s6016609280; PHPSESSID=8t5lsi7lhgce9cctsvd0v2vo57',
  'accept-language' => 'zh-CN,zh;q=0.9',
  'accept-encoding' => 'gzip, deflate',
  'referer' => 'http://www.tpshop.com/admin/article/article_add.html?article_title=&phone=&email=&article_thum=',
  'accept' => 'text/html,application/xhtml+xml,application/xml;q=0.9,image/webp,image/apng,*/*;q=0.8',
  'user-agent' => 'Mozilla/5.0 (Windows NT 10.0; Win64; x64) AppleWebKit/537.36 (KHTML, like Gecko) Chrome/69.0.3497.100 Safari/537.36',
  'upgrade-insecure-requests' => '1',
  'cache-control' => 'no-cache',
  'pragma' => 'no-cache',
  'connection' => 'close',
  'host' => 'www.tpshop.com',
)
[ info ] [ PARAM ] array (
  '/admin/article/article_add_html' => '',
  'article_title' => '',
  'phone' => '',
  'email' => '',
  'article_thum' => '',
)
[ info ] [ RUN ] app\admin\controller\Article->article_add[ E:\myphp_www\WWW\tpshop\app\admin\controller\Article.php ]
[ info ] [ VIEW ] E:\myphp_www\WWW\tpshop\public/../app/admin\view\article\article_add.html [ array (
) ]
[ info ] [ SESSION ] INIT array (
  'id' => '',
  'var_session_id' => '',
  'prefix' => 'think',
  'type' => '',
  'auto_start' => true,
)
[ info ] [ LOG ] INIT File
---------------------------------------------------------------
[ 2018-12-19T21:49:13+08:00 ] 127.0.0.1 GET /admin/article/article_add.html?article_title=&phone=&email=&article_thum=
[ info ] www.tpshop.com/admin/article/article_add.html?article_title=&phone=&email=&article_thum= [运行时间：0.055975s][吞吐率：17.87req/s] [内存消耗：1,469.20kb] [文件加载：43]
[ info ] [ LANG ] E:\myphp_www\WWW\tpshop\thinkphp\lang\zh-cn.php
[ info ] [ ROUTE ] array (
  'type' => 'module',
  'module' => 
  array (
    0 => 'admin',
    1 => 'article',
    2 => 'article_add',
  ),
)
[ info ] [ HEADER ] array (
  'cookie' => 'pgv_pvi=6427795456; pgv_si=s6016609280; PHPSESSID=8t5lsi7lhgce9cctsvd0v2vo57',
  'accept-language' => 'zh-CN,zh;q=0.9',
  'accept-encoding' => 'gzip, deflate',
  'referer' => 'http://www.tpshop.com/admin/article/article_add.html?article_title=&phone=&email=&article_thum=',
  'accept' => 'text/html,application/xhtml+xml,application/xml;q=0.9,image/webp,image/apng,*/*;q=0.8',
  'user-agent' => 'Mozilla/5.0 (Windows NT 10.0; Win64; x64) AppleWebKit/537.36 (KHTML, like Gecko) Chrome/69.0.3497.100 Safari/537.36',
  'upgrade-insecure-requests' => '1',
  'cache-control' => 'max-age=0',
  'connection' => 'close',
  'host' => 'www.tpshop.com',
)
[ info ] [ PARAM ] array (
  '/admin/article/article_add_html' => '',
  'article_title' => '',
  'phone' => '',
  'email' => '',
  'article_thum' => '',
)
[ info ] [ RUN ] app\admin\controller\Article->article_add[ E:\myphp_www\WWW\tpshop\app\admin\controller\Article.php ]
[ info ] [ VIEW ] E:\myphp_www\WWW\tpshop\public/../app/admin\view\article\article_add.html [ array (
) ]
[ info ] [ SESSION ] INIT array (
  'id' => '',
  'var_session_id' => '',
  'prefix' => 'think',
  'type' => '',
  'auto_start' => true,
)
[ info ] [ LOG ] INIT File
---------------------------------------------------------------
[ 2018-12-19T21:49:28+08:00 ] 127.0.0.1 GET /admin/article/article_add.html?article_title=&phone=&email=&article_thum=
[ info ] www.tpshop.com/admin/article/article_add.html?article_title=&phone=&email=&article_thum= [运行时间：0.076977s][吞吐率：12.99req/s] [内存消耗：1,469.21kb] [文件加载：43]
[ info ] [ LANG ] E:\myphp_www\WWW\tpshop\thinkphp\lang\zh-cn.php
[ info ] [ ROUTE ] array (
  'type' => 'module',
  'module' => 
  array (
    0 => 'admin',
    1 => 'article',
    2 => 'article_add',
  ),
)
[ info ] [ HEADER ] array (
  'cookie' => 'pgv_pvi=6427795456; pgv_si=s6016609280; PHPSESSID=8t5lsi7lhgce9cctsvd0v2vo57',
  'accept-language' => 'zh-CN,zh;q=0.9',
  'accept-encoding' => 'gzip, deflate',
  'referer' => 'http://www.tpshop.com/admin/article/article_add.html?article_title=&phone=&email=&article_thum=',
  'accept' => 'text/html,application/xhtml+xml,application/xml;q=0.9,image/webp,image/apng,*/*;q=0.8',
  'user-agent' => 'Mozilla/5.0 (Windows NT 10.0; Win64; x64) AppleWebKit/537.36 (KHTML, like Gecko) Chrome/69.0.3497.100 Safari/537.36',
  'upgrade-insecure-requests' => '1',
  'cache-control' => 'max-age=0',
  'connection' => 'close',
  'host' => 'www.tpshop.com',
)
[ info ] [ PARAM ] array (
  '/admin/article/article_add_html' => '',
  'article_title' => '',
  'phone' => '',
  'email' => '',
  'article_thum' => '',
)
[ info ] [ RUN ] app\admin\controller\Article->article_add[ E:\myphp_www\WWW\tpshop\app\admin\controller\Article.php ]
[ info ] [ VIEW ] E:\myphp_www\WWW\tpshop\public/../app/admin\view\article\article_add.html [ array (
) ]
[ info ] [ SESSION ] INIT array (
  'id' => '',
  'var_session_id' => '',
  'prefix' => 'think',
  'type' => '',
  'auto_start' => true,
)
[ info ] [ LOG ] INIT File
---------------------------------------------------------------
[ 2018-12-19T21:49:35+08:00 ] 127.0.0.1 GET /admin/article/article_add.html?article_title=&phone=&email=&article_thum=
[ info ] www.tpshop.com/admin/article/article_add.html?article_title=&phone=&email=&article_thum= [运行时间：0.049370s][吞吐率：20.26req/s] [内存消耗：1,468.16kb] [文件加载：43]
[ info ] [ LANG ] E:\myphp_www\WWW\tpshop\thinkphp\lang\zh-cn.php
[ info ] [ ROUTE ] array (
  'type' => 'module',
  'module' => 
  array (
    0 => 'admin',
    1 => 'article',
    2 => 'article_add',
  ),
)
[ info ] [ HEADER ] array (
  'cookie' => 'pgv_pvi=6427795456; pgv_si=s6016609280; PHPSESSID=8t5lsi7lhgce9cctsvd0v2vo57',
  'accept-language' => 'zh-CN,zh;q=0.9',
  'accept-encoding' => 'gzip, deflate',
  'referer' => 'http://www.tpshop.com/admin/article/article_add.html?article_title=&phone=&email=&article_thum=',
  'accept' => 'text/html,application/xhtml+xml,application/xml;q=0.9,image/webp,image/apng,*/*;q=0.8',
  'user-agent' => 'Mozilla/5.0 (Windows NT 10.0; Win64; x64) AppleWebKit/537.36 (KHTML, like Gecko) Chrome/69.0.3497.100 Safari/537.36',
  'upgrade-insecure-requests' => '1',
  'cache-control' => 'max-age=0',
  'connection' => 'close',
  'host' => 'www.tpshop.com',
)
[ info ] [ PARAM ] array (
  '/admin/article/article_add_html' => '',
  'article_title' => '',
  'phone' => '',
  'email' => '',
  'article_thum' => '',
)
[ info ] [ RUN ] app\admin\controller\Article->article_add[ E:\myphp_www\WWW\tpshop\app\admin\controller\Article.php ]
[ info ] [ VIEW ] E:\myphp_www\WWW\tpshop\public/../app/admin\view\article\article_add.html [ array (
) ]
[ info ] [ SESSION ] INIT array (
  'id' => '',
  'var_session_id' => '',
  'prefix' => 'think',
  'type' => '',
  'auto_start' => true,
)
[ info ] [ LOG ] INIT File
